DEBUG - 2025-03-22 04:44:35 --> Session: Class initialized using 'CodeIgniter\Session\Handlers\FileHandler' driver.
INFO - 2025-03-22 04:44:46 --> CSRF token verified.
DEBUG - 2025-03-22 04:44:46 --> Session: Class initialized using 'CodeIgniter\Session\Handlers\FileHandler' driver.
DEBUG - 2025-03-22 04:44:47 --> Session: Class initialized using 'CodeIgniter\Session\Handlers\FileHandler' driver.
DEBUG - 2025-03-22 04:44:58 --> Session: Class initialized using 'CodeIgniter\Session\Handlers\FileHandler' driver.
INFO - 2025-03-22 04:45:21 --> CSRF token verified.
DEBUG - 2025-03-22 04:45:21 --> Session: Class initialized using 'CodeIgniter\Session\Handlers\FileHandler' driver.
DEBUG - 2025-03-22 04:45:22 --> Session: Class initialized using 'CodeIgniter\Session\Handlers\FileHandler' driver.
CRITICAL - 2025-03-22 04:45:22 --> ErrorException: foreach() argument must be of type array|object, string given
[Method: GET, Route: admin/pengumuman]
in APPPATH\Views\admin\info_sesi.php on line 4.
 1 APPPATH\Views\admin\info_sesi.php(4): CodeIgniter\Debug\Exceptions->errorHandler(2, 'foreach() argument must be of type array|object, string given', 'D:\\xampp\\htdocs\\lulusan\\app\\Views\\admin\\info_sesi.php', 4)
 2 SYSTEMPATH\View\View.php(224): include('D:\\xampp\\htdocs\\lulusan\\app\\Views\\admin\\info_sesi.php')
 3 SYSTEMPATH\View\View.php(227): CodeIgniter\View\View->CodeIgniter\View\{closure}()
 4 SYSTEMPATH\Common.php(1173): CodeIgniter\View\View->render('admin/info_sesi', [], true)
 5 APPPATH\Views\admin\pengumuman.php(10): view('admin/info_sesi')
 6 SYSTEMPATH\View\View.php(224): include('D:\\xampp\\htdocs\\lulusan\\app\\Views\\admin\\pengumuman.php')
 7 SYSTEMPATH\View\View.php(227): CodeIgniter\View\View->CodeIgniter\View\{closure}()
 8 SYSTEMPATH\Common.php(1173): CodeIgniter\View\View->render('admin/pengumuman', [], true)
 9 APPPATH\Controllers\Admin\Pengumuman.php(39): view('admin/pengumuman', [...])
10 SYSTEMPATH\CodeIgniter.php(933): App\Controllers\Admin\Pengumuman->index()
11 SYSTEMPATH\CodeIgniter.php(507): CodeIgniter\CodeIgniter->runController(Object(App\Controllers\Admin\Pengumuman))
12 SYSTEMPATH\CodeIgniter.php(354): CodeIgniter\CodeIgniter->handleRequest(null, Object(Config\Cache), false)
13 SYSTEMPATH\Boot.php(334): CodeIgniter\CodeIgniter->run()
14 SYSTEMPATH\Boot.php(67): CodeIgniter\Boot::runCodeIgniter(Object(CodeIgniter\CodeIgniter))
15 FCPATH\index.php(56): CodeIgniter\Boot::bootWeb(Object(Config\Paths))
DEBUG - 2025-03-22 04:46:29 --> Session: Class initialized using 'CodeIgniter\Session\Handlers\FileHandler' driver.
INFO - 2025-03-22 04:46:36 --> CSRF token verified.
DEBUG - 2025-03-22 04:46:36 --> Session: Class initialized using 'CodeIgniter\Session\Handlers\FileHandler' driver.
DEBUG - 2025-03-22 04:46:37 --> Session: Class initialized using 'CodeIgniter\Session\Handlers\FileHandler' driver.
INFO - 2025-03-22 04:46:59 --> CSRF token verified.
DEBUG - 2025-03-22 04:46:59 --> Session: Class initialized using 'CodeIgniter\Session\Handlers\FileHandler' driver.
DEBUG - 2025-03-22 04:47:04 --> Session: Class initialized using 'CodeIgniter\Session\Handlers\FileHandler' driver.
INFO - 2025-03-22 04:47:11 --> CSRF token verified.
DEBUG - 2025-03-22 04:47:11 --> Session: Class initialized using 'CodeIgniter\Session\Handlers\FileHandler' driver.
DEBUG - 2025-03-22 04:47:11 --> Session: Class initialized using 'CodeIgniter\Session\Handlers\FileHandler' driver.
INFO - 2025-03-22 04:47:41 --> CSRF token verified.
DEBUG - 2025-03-22 04:47:41 --> Session: Class initialized using 'CodeIgniter\Session\Handlers\FileHandler' driver.
DEBUG - 2025-03-22 04:47:41 --> Session: Class initialized using 'CodeIgniter\Session\Handlers\FileHandler' driver.
INFO - 2025-03-22 04:48:31 --> CSRF token verified.
DEBUG - 2025-03-22 04:48:31 --> Session: Class initialized using 'CodeIgniter\Session\Handlers\FileHandler' driver.
DEBUG - 2025-03-22 04:48:31 --> Session: Class initialized using 'CodeIgniter\Session\Handlers\FileHandler' driver.
INFO - 2025-03-22 04:51:42 --> CSRF token verified.
DEBUG - 2025-03-22 04:51:42 --> Session: Class initialized using 'CodeIgniter\Session\Handlers\FileHandler' driver.
DEBUG - 2025-03-22 04:51:42 --> Session: Class initialized using 'CodeIgniter\Session\Handlers\FileHandler' driver.
DEBUG - 2025-03-22 04:51:46 --> Session: Class initialized using 'CodeIgniter\Session\Handlers\FileHandler' driver.
INFO - 2025-03-22 04:51:49 --> CSRF token verified.
DEBUG - 2025-03-22 04:51:49 --> Session: Class initialized using 'CodeIgniter\Session\Handlers\FileHandler' driver.
DEBUG - 2025-03-22 04:51:49 --> Session: Class initialized using 'CodeIgniter\Session\Handlers\FileHandler' driver.
DEBUG - 2025-03-22 04:53:59 --> Session: Class initialized using 'CodeIgniter\Session\Handlers\FileHandler' driver.
INFO - 2025-03-22 04:54:11 --> CSRF token verified.
DEBUG - 2025-03-22 04:54:11 --> Session: Class initialized using 'CodeIgniter\Session\Handlers\FileHandler' driver.
CRITICAL - 2025-03-22 04:54:11 --> ErrorException: Undefined variable $validation
[Method: POST, Route: admin/simpan_info]
in APPPATH\Controllers\Admin\Pengumuman.php on line 103.
 1 APPPATH\Controllers\Admin\Pengumuman.php(103): CodeIgniter\Debug\Exceptions->errorHandler(2, 'Undefined variable $validation', 'D:\\xampp\\htdocs\\lulusan\\app\\Controllers\\Admin\\Pengumuman.php', 103)
 2 SYSTEMPATH\CodeIgniter.php(933): App\Controllers\Admin\Pengumuman->simpanInfo()
 3 SYSTEMPATH\CodeIgniter.php(507): CodeIgniter\CodeIgniter->runController(Object(App\Controllers\Admin\Pengumuman))
 4 SYSTEMPATH\CodeIgniter.php(354): CodeIgniter\CodeIgniter->handleRequest(null, Object(Config\Cache), false)
 5 SYSTEMPATH\Boot.php(334): CodeIgniter\CodeIgniter->run()
 6 SYSTEMPATH\Boot.php(67): CodeIgniter\Boot::runCodeIgniter(Object(CodeIgniter\CodeIgniter))
 7 FCPATH\index.php(56): CodeIgniter\Boot::bootWeb(Object(Config\Paths))
INFO - 2025-03-22 04:55:34 --> CSRF token verified.
DEBUG - 2025-03-22 04:55:34 --> Session: Class initialized using 'CodeIgniter\Session\Handlers\FileHandler' driver.
CRITICAL - 2025-03-22 04:55:34 --> ErrorException: Undefined property: App\Controllers\Admin\Pengumuman::$validate
[Method: POST, Route: admin/simpan_info]
in APPPATH\Controllers\Admin\Pengumuman.php on line 103.
 1 APPPATH\Controllers\Admin\Pengumuman.php(103): CodeIgniter\Debug\Exceptions->errorHandler(2, 'Undefined property: App\\Controllers\\Admin\\Pengumuman::$validate', 'D:\\xampp\\htdocs\\lulusan\\app\\Controllers\\Admin\\Pengumuman.php', 103)
 2 SYSTEMPATH\CodeIgniter.php(933): App\Controllers\Admin\Pengumuman->simpanInfo()
 3 SYSTEMPATH\CodeIgniter.php(507): CodeIgniter\CodeIgniter->runController(Object(App\Controllers\Admin\Pengumuman))
 4 SYSTEMPATH\CodeIgniter.php(354): CodeIgniter\CodeIgniter->handleRequest(null, Object(Config\Cache), false)
 5 SYSTEMPATH\Boot.php(334): CodeIgniter\CodeIgniter->run()
 6 SYSTEMPATH\Boot.php(67): CodeIgniter\Boot::runCodeIgniter(Object(CodeIgniter\CodeIgniter))
 7 FCPATH\index.php(56): CodeIgniter\Boot::bootWeb(Object(Config\Paths))
DEBUG - 2025-03-22 04:55:42 --> Session: Class initialized using 'CodeIgniter\Session\Handlers\FileHandler' driver.
INFO - 2025-03-22 04:55:45 --> CSRF token verified.
DEBUG - 2025-03-22 04:55:45 --> Session: Class initialized using 'CodeIgniter\Session\Handlers\FileHandler' driver.
CRITICAL - 2025-03-22 04:55:45 --> ErrorException: Undefined property: App\Controllers\Admin\Pengumuman::$validate
[Method: POST, Route: admin/simpan_info]
in APPPATH\Controllers\Admin\Pengumuman.php on line 103.
 1 APPPATH\Controllers\Admin\Pengumuman.php(103): CodeIgniter\Debug\Exceptions->errorHandler(2, 'Undefined property: App\\Controllers\\Admin\\Pengumuman::$validate', 'D:\\xampp\\htdocs\\lulusan\\app\\Controllers\\Admin\\Pengumuman.php', 103)
 2 SYSTEMPATH\CodeIgniter.php(933): App\Controllers\Admin\Pengumuman->simpanInfo()
 3 SYSTEMPATH\CodeIgniter.php(507): CodeIgniter\CodeIgniter->runController(Object(App\Controllers\Admin\Pengumuman))
 4 SYSTEMPATH\CodeIgniter.php(354): CodeIgniter\CodeIgniter->handleRequest(null, Object(Config\Cache), false)
 5 SYSTEMPATH\Boot.php(334): CodeIgniter\CodeIgniter->run()
 6 SYSTEMPATH\Boot.php(67): CodeIgniter\Boot::runCodeIgniter(Object(CodeIgniter\CodeIgniter))
 7 FCPATH\index.php(56): CodeIgniter\Boot::bootWeb(Object(Config\Paths))
INFO - 2025-03-22 04:56:24 --> CSRF token verified.
DEBUG - 2025-03-22 04:56:24 --> Session: Class initialized using 'CodeIgniter\Session\Handlers\FileHandler' driver.
CRITICAL - 2025-03-22 04:56:24 --> TypeError: CodeIgniter\Validation\Validation::run(): Argument #2 ($group) must be of type ?string, array given, called in D:\xampp\htdocs\lulusan\app\Controllers\Admin\Pengumuman.php on line 104
[Method: POST, Route: admin/simpan_info]
in SYSTEMPATH\Validation\Validation.php on line 134.
 1 APPPATH\Controllers\Admin\Pengumuman.php(104): CodeIgniter\Validation\Validation->run([...], [...])
 2 SYSTEMPATH\CodeIgniter.php(933): App\Controllers\Admin\Pengumuman->simpanInfo()
 3 SYSTEMPATH\CodeIgniter.php(507): CodeIgniter\CodeIgniter->runController(Object(App\Controllers\Admin\Pengumuman))
 4 SYSTEMPATH\CodeIgniter.php(354): CodeIgniter\CodeIgniter->handleRequest(null, Object(Config\Cache), false)
 5 SYSTEMPATH\Boot.php(334): CodeIgniter\CodeIgniter->run()
 6 SYSTEMPATH\Boot.php(67): CodeIgniter\Boot::runCodeIgniter(Object(CodeIgniter\CodeIgniter))
 7 FCPATH\index.php(56): CodeIgniter\Boot::bootWeb(Object(Config\Paths))
INFO - 2025-03-22 05:22:31 --> CSRF token verified.
DEBUG - 2025-03-22 05:22:31 --> Session: Class initialized using 'CodeIgniter\Session\Handlers\FileHandler' driver.
DEBUG - 2025-03-22 05:22:31 --> Session: Class initialized using 'CodeIgniter\Session\Handlers\FileHandler' driver.
CRITICAL - 2025-03-22 05:22:31 --> ErrorException: foreach() argument must be of type array|object, string given
[Method: GET, Route: admin/pengumuman]
in APPPATH\Views\admin\info_sesi.php on line 4.
 1 APPPATH\Views\admin\info_sesi.php(4): CodeIgniter\Debug\Exceptions->errorHandler(2, 'foreach() argument must be of type array|object, string given', 'D:\\xampp\\htdocs\\lulusan\\app\\Views\\admin\\info_sesi.php', 4)
 2 SYSTEMPATH\View\View.php(224): include('D:\\xampp\\htdocs\\lulusan\\app\\Views\\admin\\info_sesi.php')
 3 SYSTEMPATH\View\View.php(227): CodeIgniter\View\View->CodeIgniter\View\{closure}()
 4 SYSTEMPATH\Common.php(1173): CodeIgniter\View\View->render('admin/info_sesi', [], true)
 5 APPPATH\Views\admin\pengumuman.php(10): view('admin/info_sesi')
 6 SYSTEMPATH\View\View.php(224): include('D:\\xampp\\htdocs\\lulusan\\app\\Views\\admin\\pengumuman.php')
 7 SYSTEMPATH\View\View.php(227): CodeIgniter\View\View->CodeIgniter\View\{closure}()
 8 SYSTEMPATH\Common.php(1173): CodeIgniter\View\View->render('admin/pengumuman', [], true)
 9 APPPATH\Controllers\Admin\Pengumuman.php(39): view('admin/pengumuman', [...])
10 SYSTEMPATH\CodeIgniter.php(933): App\Controllers\Admin\Pengumuman->index()
11 SYSTEMPATH\CodeIgniter.php(507): CodeIgniter\CodeIgniter->runController(Object(App\Controllers\Admin\Pengumuman))
12 SYSTEMPATH\CodeIgniter.php(354): CodeIgniter\CodeIgniter->handleRequest(null, Object(Config\Cache), false)
13 SYSTEMPATH\Boot.php(334): CodeIgniter\CodeIgniter->run()
14 SYSTEMPATH\Boot.php(67): CodeIgniter\Boot::runCodeIgniter(Object(CodeIgniter\CodeIgniter))
15 FCPATH\index.php(56): CodeIgniter\Boot::bootWeb(Object(Config\Paths))
DEBUG - 2025-03-22 05:25:38 --> Session: Class initialized using 'CodeIgniter\Session\Handlers\FileHandler' driver.
INFO - 2025-03-22 05:25:46 --> CSRF token verified.
DEBUG - 2025-03-22 05:25:46 --> Session: Class initialized using 'CodeIgniter\Session\Handlers\FileHandler' driver.
DEBUG - 2025-03-22 05:25:46 --> Session: Class initialized using 'CodeIgniter\Session\Handlers\FileHandler' driver.
CRITICAL - 2025-03-22 05:25:46 --> ErrorException: foreach() argument must be of type array|object, string given
[Method: GET, Route: admin/pengumuman]
in APPPATH\Views\admin\info_sesi.php on line 4.
 1 APPPATH\Views\admin\info_sesi.php(4): CodeIgniter\Debug\Exceptions->errorHandler(2, 'foreach() argument must be of type array|object, string given', 'D:\\xampp\\htdocs\\lulusan\\app\\Views\\admin\\info_sesi.php', 4)
 2 SYSTEMPATH\View\View.php(224): include('D:\\xampp\\htdocs\\lulusan\\app\\Views\\admin\\info_sesi.php')
 3 SYSTEMPATH\View\View.php(227): CodeIgniter\View\View->CodeIgniter\View\{closure}()
 4 SYSTEMPATH\Common.php(1173): CodeIgniter\View\View->render('admin/info_sesi', [], true)
 5 APPPATH\Views\admin\pengumuman.php(10): view('admin/info_sesi')
 6 SYSTEMPATH\View\View.php(224): include('D:\\xampp\\htdocs\\lulusan\\app\\Views\\admin\\pengumuman.php')
 7 SYSTEMPATH\View\View.php(227): CodeIgniter\View\View->CodeIgniter\View\{closure}()
 8 SYSTEMPATH\Common.php(1173): CodeIgniter\View\View->render('admin/pengumuman', [], true)
 9 APPPATH\Controllers\Admin\Pengumuman.php(39): view('admin/pengumuman', [...])
10 SYSTEMPATH\CodeIgniter.php(933): App\Controllers\Admin\Pengumuman->index()
11 SYSTEMPATH\CodeIgniter.php(507): CodeIgniter\CodeIgniter->runController(Object(App\Controllers\Admin\Pengumuman))
12 SYSTEMPATH\CodeIgniter.php(354): CodeIgniter\CodeIgniter->handleRequest(null, Object(Config\Cache), false)
13 SYSTEMPATH\Boot.php(334): CodeIgniter\CodeIgniter->run()
14 SYSTEMPATH\Boot.php(67): CodeIgniter\Boot::runCodeIgniter(Object(CodeIgniter\CodeIgniter))
15 FCPATH\index.php(56): CodeIgniter\Boot::bootWeb(Object(Config\Paths))
DEBUG - 2025-03-22 05:37:17 --> Session: Class initialized using 'CodeIgniter\Session\Handlers\FileHandler' driver.
INFO - 2025-03-22 05:37:21 --> CSRF token verified.
DEBUG - 2025-03-22 05:37:21 --> Session: Class initialized using 'CodeIgniter\Session\Handlers\FileHandler' driver.
WARNING - 2025-03-22 05:37:21 --> [DEPRECATED] Creation of dynamic property CodeIgniter\Validation\Validation::$setRules is deprecated in APPPATH\Controllers\Admin\Pengumuman.php on line 89.
 1 SYSTEMPATH\CodeIgniter.php(933): App\Controllers\Admin\Pengumuman->simpanInfo()
 2 SYSTEMPATH\CodeIgniter.php(507): CodeIgniter\CodeIgniter->runController(Object(App\Controllers\Admin\Pengumuman))
 3 SYSTEMPATH\CodeIgniter.php(354): CodeIgniter\CodeIgniter->handleRequest(null, Object(Config\Cache), false)
 4 SYSTEMPATH\Boot.php(334): CodeIgniter\CodeIgniter->run()
 5 SYSTEMPATH\Boot.php(67): CodeIgniter\Boot::runCodeIgniter(Object(CodeIgniter\CodeIgniter))
 6 FCPATH\index.php(56): CodeIgniter\Boot::bootWeb(Object(Config\Paths))
CRITICAL - 2025-03-22 05:37:21 --> TypeError: CodeIgniter\Validation\Validation::run(): Argument #1 ($data) must be of type ?array, string given, called in D:\xampp\htdocs\lulusan\app\Controllers\Admin\Pengumuman.php on line 99
[Method: POST, Route: admin/simpan_info]
in SYSTEMPATH\Validation\Validation.php on line 134.
 1 APPPATH\Controllers\Admin\Pengumuman.php(99): CodeIgniter\Validation\Validation->run('q')
 2 SYSTEMPATH\CodeIgniter.php(933): App\Controllers\Admin\Pengumuman->simpanInfo()
 3 SYSTEMPATH\CodeIgniter.php(507): CodeIgniter\CodeIgniter->runController(Object(App\Controllers\Admin\Pengumuman))
 4 SYSTEMPATH\CodeIgniter.php(354): CodeIgniter\CodeIgniter->handleRequest(null, Object(Config\Cache), false)
 5 SYSTEMPATH\Boot.php(334): CodeIgniter\CodeIgniter->run()
 6 SYSTEMPATH\Boot.php(67): CodeIgniter\Boot::runCodeIgniter(Object(CodeIgniter\CodeIgniter))
 7 FCPATH\index.php(56): CodeIgniter\Boot::bootWeb(Object(Config\Paths))
INFO - 2025-03-22 05:38:14 --> CSRF token verified.
DEBUG - 2025-03-22 05:38:14 --> Session: Class initialized using 'CodeIgniter\Session\Handlers\FileHandler' driver.
WARNING - 2025-03-22 05:38:14 --> [DEPRECATED] Creation of dynamic property CodeIgniter\Validation\Validation::$setRules is deprecated in APPPATH\Controllers\Admin\Pengumuman.php on line 89.
 1 SYSTEMPATH\CodeIgniter.php(933): App\Controllers\Admin\Pengumuman->simpanInfo()
 2 SYSTEMPATH\CodeIgniter.php(507): CodeIgniter\CodeIgniter->runController(Object(App\Controllers\Admin\Pengumuman))
 3 SYSTEMPATH\CodeIgniter.php(354): CodeIgniter\CodeIgniter->handleRequest(null, Object(Config\Cache), false)
 4 SYSTEMPATH\Boot.php(334): CodeIgniter\CodeIgniter->run()
 5 SYSTEMPATH\Boot.php(67): CodeIgniter\Boot::runCodeIgniter(Object(CodeIgniter\CodeIgniter))
 6 FCPATH\index.php(56): CodeIgniter\Boot::bootWeb(Object(Config\Paths))
CRITICAL - 2025-03-22 05:38:14 --> ErrorException: Undefined array key "info[0]"
[Method: POST, Route: admin/simpan_info]
in APPPATH\Controllers\Admin\Pengumuman.php on line 102.
 1 APPPATH\Controllers\Admin\Pengumuman.php(102): CodeIgniter\Debug\Exceptions->errorHandler(2, 'Undefined array key "info[0]"', 'D:\\xampp\\htdocs\\lulusan\\app\\Controllers\\Admin\\Pengumuman.php', 102)
 2 SYSTEMPATH\CodeIgniter.php(933): App\Controllers\Admin\Pengumuman->simpanInfo()
 3 SYSTEMPATH\CodeIgniter.php(507): CodeIgniter\CodeIgniter->runController(Object(App\Controllers\Admin\Pengumuman))
 4 SYSTEMPATH\CodeIgniter.php(354): CodeIgniter\CodeIgniter->handleRequest(null, Object(Config\Cache), false)
 5 SYSTEMPATH\Boot.php(334): CodeIgniter\CodeIgniter->run()
 6 SYSTEMPATH\Boot.php(67): CodeIgniter\Boot::runCodeIgniter(Object(CodeIgniter\CodeIgniter))
 7 FCPATH\index.php(56): CodeIgniter\Boot::bootWeb(Object(Config\Paths))
INFO - 2025-03-22 05:42:39 --> CSRF token verified.
DEBUG - 2025-03-22 05:42:39 --> Session: Class initialized using 'CodeIgniter\Session\Handlers\FileHandler' driver.
WARNING - 2025-03-22 05:42:39 --> [DEPRECATED] Creation of dynamic property CodeIgniter\Validation\Validation::$setRules is deprecated in APPPATH\Controllers\Admin\Pengumuman.php on line 89.
 1 SYSTEMPATH\CodeIgniter.php(933): App\Controllers\Admin\Pengumuman->simpanInfo()
 2 SYSTEMPATH\CodeIgniter.php(507): CodeIgniter\CodeIgniter->runController(Object(App\Controllers\Admin\Pengumuman))
 3 SYSTEMPATH\CodeIgniter.php(354): CodeIgniter\CodeIgniter->handleRequest(null, Object(Config\Cache), false)
 4 SYSTEMPATH\Boot.php(334): CodeIgniter\CodeIgniter->run()
 5 SYSTEMPATH\Boot.php(67): CodeIgniter\Boot::runCodeIgniter(Object(CodeIgniter\CodeIgniter))
 6 FCPATH\index.php(56): CodeIgniter\Boot::bootWeb(Object(Config\Paths))
CRITICAL - 2025-03-22 05:42:39 --> ErrorException: Undefined array key "info[0]"
[Method: POST, Route: admin/simpan_info]
in APPPATH\Controllers\Admin\Pengumuman.php on line 102.
 1 APPPATH\Controllers\Admin\Pengumuman.php(102): CodeIgniter\Debug\Exceptions->errorHandler(2, 'Undefined array key "info[0]"', 'D:\\xampp\\htdocs\\lulusan\\app\\Controllers\\Admin\\Pengumuman.php', 102)
 2 SYSTEMPATH\CodeIgniter.php(933): App\Controllers\Admin\Pengumuman->simpanInfo()
 3 SYSTEMPATH\CodeIgniter.php(507): CodeIgniter\CodeIgniter->runController(Object(App\Controllers\Admin\Pengumuman))
 4 SYSTEMPATH\CodeIgniter.php(354): CodeIgniter\CodeIgniter->handleRequest(null, Object(Config\Cache), false)
 5 SYSTEMPATH\Boot.php(334): CodeIgniter\CodeIgniter->run()
 6 SYSTEMPATH\Boot.php(67): CodeIgniter\Boot::runCodeIgniter(Object(CodeIgniter\CodeIgniter))
 7 FCPATH\index.php(56): CodeIgniter\Boot::bootWeb(Object(Config\Paths))
INFO - 2025-03-22 05:43:03 --> CSRF token verified.
DEBUG - 2025-03-22 05:43:03 --> Session: Class initialized using 'CodeIgniter\Session\Handlers\FileHandler' driver.
WARNING - 2025-03-22 05:43:03 --> [DEPRECATED] Creation of dynamic property CodeIgniter\Validation\Validation::$setRules is deprecated in APPPATH\Controllers\Admin\Pengumuman.php on line 89.
 1 SYSTEMPATH\CodeIgniter.php(933): App\Controllers\Admin\Pengumuman->simpanInfo()
 2 SYSTEMPATH\CodeIgniter.php(507): CodeIgniter\CodeIgniter->runController(Object(App\Controllers\Admin\Pengumuman))
 3 SYSTEMPATH\CodeIgniter.php(354): CodeIgniter\CodeIgniter->handleRequest(null, Object(Config\Cache), false)
 4 SYSTEMPATH\Boot.php(334): CodeIgniter\CodeIgniter->run()
 5 SYSTEMPATH\Boot.php(67): CodeIgniter\Boot::runCodeIgniter(Object(CodeIgniter\CodeIgniter))
 6 FCPATH\index.php(56): CodeIgniter\Boot::bootWeb(Object(Config\Paths))
DEBUG - 2025-03-22 05:43:03 --> Session: Class initialized using 'CodeIgniter\Session\Handlers\FileHandler' driver.
INFO - 2025-03-22 05:43:09 --> CSRF token verified.
DEBUG - 2025-03-22 05:43:09 --> Session: Class initialized using 'CodeIgniter\Session\Handlers\FileHandler' driver.
WARNING - 2025-03-22 05:43:09 --> [DEPRECATED] Creation of dynamic property CodeIgniter\Validation\Validation::$setRules is deprecated in APPPATH\Controllers\Admin\Pengumuman.php on line 89.
 1 SYSTEMPATH\CodeIgniter.php(933): App\Controllers\Admin\Pengumuman->simpanInfo()
 2 SYSTEMPATH\CodeIgniter.php(507): CodeIgniter\CodeIgniter->runController(Object(App\Controllers\Admin\Pengumuman))
 3 SYSTEMPATH\CodeIgniter.php(354): CodeIgniter\CodeIgniter->handleRequest(null, Object(Config\Cache), false)
 4 SYSTEMPATH\Boot.php(334): CodeIgniter\CodeIgniter->run()
 5 SYSTEMPATH\Boot.php(67): CodeIgniter\Boot::runCodeIgniter(Object(CodeIgniter\CodeIgniter))
 6 FCPATH\index.php(56): CodeIgniter\Boot::bootWeb(Object(Config\Paths))
DEBUG - 2025-03-22 05:43:09 --> Session: Class initialized using 'CodeIgniter\Session\Handlers\FileHandler' driver.
INFO - 2025-03-22 05:43:19 --> CSRF token verified.
DEBUG - 2025-03-22 05:43:19 --> Session: Class initialized using 'CodeIgniter\Session\Handlers\FileHandler' driver.
WARNING - 2025-03-22 05:43:19 --> [DEPRECATED] Creation of dynamic property CodeIgniter\Validation\Validation::$setRules is deprecated in APPPATH\Controllers\Admin\Pengumuman.php on line 89.
 1 SYSTEMPATH\CodeIgniter.php(933): App\Controllers\Admin\Pengumuman->simpanInfo()
 2 SYSTEMPATH\CodeIgniter.php(507): CodeIgniter\CodeIgniter->runController(Object(App\Controllers\Admin\Pengumuman))
 3 SYSTEMPATH\CodeIgniter.php(354): CodeIgniter\CodeIgniter->handleRequest(null, Object(Config\Cache), false)
 4 SYSTEMPATH\Boot.php(334): CodeIgniter\CodeIgniter->run()
 5 SYSTEMPATH\Boot.php(67): CodeIgniter\Boot::runCodeIgniter(Object(CodeIgniter\CodeIgniter))
 6 FCPATH\index.php(56): CodeIgniter\Boot::bootWeb(Object(Config\Paths))
DEBUG - 2025-03-22 05:43:19 --> Session: Class initialized using 'CodeIgniter\Session\Handlers\FileHandler' driver.
DEBUG - 2025-03-22 05:43:21 --> Session: Class initialized using 'CodeIgniter\Session\Handlers\FileHandler' driver.
DEBUG - 2025-03-22 05:43:55 --> Session: Class initialized using 'CodeIgniter\Session\Handlers\FileHandler' driver.
INFO - 2025-03-22 05:43:58 --> CSRF token verified.
DEBUG - 2025-03-22 05:43:58 --> Session: Class initialized using 'CodeIgniter\Session\Handlers\FileHandler' driver.
WARNING - 2025-03-22 05:43:58 --> [DEPRECATED] Creation of dynamic property CodeIgniter\Validation\Validation::$setRules is deprecated in APPPATH\Controllers\Admin\Pengumuman.php on line 89.
 1 SYSTEMPATH\CodeIgniter.php(933): App\Controllers\Admin\Pengumuman->simpanInfo()
 2 SYSTEMPATH\CodeIgniter.php(507): CodeIgniter\CodeIgniter->runController(Object(App\Controllers\Admin\Pengumuman))
 3 SYSTEMPATH\CodeIgniter.php(354): CodeIgniter\CodeIgniter->handleRequest(null, Object(Config\Cache), false)
 4 SYSTEMPATH\Boot.php(334): CodeIgniter\CodeIgniter->run()
 5 SYSTEMPATH\Boot.php(67): CodeIgniter\Boot::runCodeIgniter(Object(CodeIgniter\CodeIgniter))
 6 FCPATH\index.php(56): CodeIgniter\Boot::bootWeb(Object(Config\Paths))
DEBUG - 2025-03-22 05:43:58 --> Session: Class initialized using 'CodeIgniter\Session\Handlers\FileHandler' driver.
DEBUG - 2025-03-22 05:44:27 --> Session: Class initialized using 'CodeIgniter\Session\Handlers\FileHandler' driver.
DEBUG - 2025-03-22 05:44:31 --> Session: Class initialized using 'CodeIgniter\Session\Handlers\FileHandler' driver.
INFO - 2025-03-22 05:44:38 --> CSRF token verified.
DEBUG - 2025-03-22 05:44:38 --> Session: Class initialized using 'CodeIgniter\Session\Handlers\FileHandler' driver.
WARNING - 2025-03-22 05:44:38 --> [DEPRECATED] Creation of dynamic property CodeIgniter\Validation\Validation::$setRules is deprecated in APPPATH\Controllers\Admin\Pengumuman.php on line 89.
 1 SYSTEMPATH\CodeIgniter.php(933): App\Controllers\Admin\Pengumuman->simpanInfo()
 2 SYSTEMPATH\CodeIgniter.php(507): CodeIgniter\CodeIgniter->runController(Object(App\Controllers\Admin\Pengumuman))
 3 SYSTEMPATH\CodeIgniter.php(354): CodeIgniter\CodeIgniter->handleRequest(null, Object(Config\Cache), false)
 4 SYSTEMPATH\Boot.php(334): CodeIgniter\CodeIgniter->run()
 5 SYSTEMPATH\Boot.php(67): CodeIgniter\Boot::runCodeIgniter(Object(CodeIgniter\CodeIgniter))
 6 FCPATH\index.php(56): CodeIgniter\Boot::bootWeb(Object(Config\Paths))
DEBUG - 2025-03-22 05:44:38 --> Session: Class initialized using 'CodeIgniter\Session\Handlers\FileHandler' driver.
DEBUG - 2025-03-22 05:44:43 --> Session: Class initialized using 'CodeIgniter\Session\Handlers\FileHandler' driver.
INFO - 2025-03-22 05:46:29 --> CSRF token verified.
DEBUG - 2025-03-22 05:46:29 --> Session: Class initialized using 'CodeIgniter\Session\Handlers\FileHandler' driver.
CRITICAL - 2025-03-22 05:46:29 --> TypeError: CodeIgniter\Validation\StrictRules\Rules::min_length(): Argument #2 ($val) must be of type string, null given, called in D:\xampp\htdocs\lulusan\system\Validation\Validation.php on line 336
[Method: POST, Route: admin/simpan_info]
in SYSTEMPATH\Validation\StrictRules\Rules.php on line 281.
 1 SYSTEMPATH\Validation\Validation.php(336): CodeIgniter\Validation\StrictRules\Rules->min_length('setelah pengumuman dilarang melakukan konvoi', null)
 2 SYSTEMPATH\Validation\Validation.php(202): CodeIgniter\Validation\Validation->processRules('info', 'info', 'setelah pengumuman dilarang melakukan konvoi', [...], [...], 'info')
 3 APPPATH\Controllers\Admin\Pengumuman.php(99): CodeIgniter\Validation\Validation->run([...])
 4 SYSTEMPATH\CodeIgniter.php(933): App\Controllers\Admin\Pengumuman->simpanInfo()
 5 SYSTEMPATH\CodeIgniter.php(507): CodeIgniter\CodeIgniter->runController(Object(App\Controllers\Admin\Pengumuman))
 6 SYSTEMPATH\CodeIgniter.php(354): CodeIgniter\CodeIgniter->handleRequest(null, Object(Config\Cache), false)
 7 SYSTEMPATH\Boot.php(334): CodeIgniter\CodeIgniter->run()
 8 SYSTEMPATH\Boot.php(67): CodeIgniter\Boot::runCodeIgniter(Object(CodeIgniter\CodeIgniter))
 9 FCPATH\index.php(56): CodeIgniter\Boot::bootWeb(Object(Config\Paths))
INFO - 2025-03-22 05:46:50 --> CSRF token verified.
DEBUG - 2025-03-22 05:46:50 --> Session: Class initialized using 'CodeIgniter\Session\Handlers\FileHandler' driver.
CRITICAL - 2025-03-22 05:46:50 --> TypeError: CodeIgniter\Validation\StrictRules\Rules::min_length(): Argument #2 ($val) must be of type string, null given, called in D:\xampp\htdocs\lulusan\system\Validation\Validation.php on line 336
[Method: POST, Route: admin/simpan_info]
in SYSTEMPATH\Validation\StrictRules\Rules.php on line 281.
 1 SYSTEMPATH\Validation\Validation.php(336): CodeIgniter\Validation\StrictRules\Rules->min_length('setelah pengumuman dilarang melakukan konvoi', null)
 2 SYSTEMPATH\Validation\Validation.php(202): CodeIgniter\Validation\Validation->processRules('info', 'info', 'setelah pengumuman dilarang melakukan konvoi', [...], [...], 'info')
 3 APPPATH\Controllers\Admin\Pengumuman.php(99): CodeIgniter\Validation\Validation->run([...])
 4 SYSTEMPATH\CodeIgniter.php(933): App\Controllers\Admin\Pengumuman->simpanInfo()
 5 SYSTEMPATH\CodeIgniter.php(507): CodeIgniter\CodeIgniter->runController(Object(App\Controllers\Admin\Pengumuman))
 6 SYSTEMPATH\CodeIgniter.php(354): CodeIgniter\CodeIgniter->handleRequest(null, Object(Config\Cache), false)
 7 SYSTEMPATH\Boot.php(334): CodeIgniter\CodeIgniter->run()
 8 SYSTEMPATH\Boot.php(67): CodeIgniter\Boot::runCodeIgniter(Object(CodeIgniter\CodeIgniter))
 9 FCPATH\index.php(56): CodeIgniter\Boot::bootWeb(Object(Config\Paths))
INFO - 2025-03-22 05:49:26 --> CSRF token verified.
DEBUG - 2025-03-22 05:49:26 --> Session: Class initialized using 'CodeIgniter\Session\Handlers\FileHandler' driver.
DEBUG - 2025-03-22 05:49:26 --> Session: Class initialized using 'CodeIgniter\Session\Handlers\FileHandler' driver.
INFO - 2025-03-22 05:49:56 --> CSRF token verified.
DEBUG - 2025-03-22 05:49:56 --> Session: Class initialized using 'CodeIgniter\Session\Handlers\FileHandler' driver.
DEBUG - 2025-03-22 05:49:56 --> Session: Class initialized using 'CodeIgniter\Session\Handlers\FileHandler' driver.
INFO - 2025-03-22 05:49:58 --> CSRF token verified.
DEBUG - 2025-03-22 05:49:58 --> Session: Class initialized using 'CodeIgniter\Session\Handlers\FileHandler' driver.
DEBUG - 2025-03-22 05:49:58 --> Session: Class initialized using 'CodeIgniter\Session\Handlers\FileHandler' driver.
INFO - 2025-03-22 05:49:59 --> CSRF token verified.
DEBUG - 2025-03-22 05:50:00 --> Session: Class initialized using 'CodeIgniter\Session\Handlers\FileHandler' driver.
DEBUG - 2025-03-22 05:50:00 --> Session: Class initialized using 'CodeIgniter\Session\Handlers\FileHandler' driver.
INFO - 2025-03-22 05:52:36 --> CSRF token verified.
DEBUG - 2025-03-22 05:52:36 --> Session: Class initialized using 'CodeIgniter\Session\Handlers\FileHandler' driver.
DEBUG - 2025-03-22 05:52:36 --> Session: Class initialized using 'CodeIgniter\Session\Handlers\FileHandler' driver.
INFO - 2025-03-22 05:52:51 --> CSRF token verified.
DEBUG - 2025-03-22 05:52:51 --> Session: Class initialized using 'CodeIgniter\Session\Handlers\FileHandler' driver.
DEBUG - 2025-03-22 05:52:51 --> Session: Class initialized using 'CodeIgniter\Session\Handlers\FileHandler' driver.
INFO - 2025-03-22 05:53:00 --> CSRF token verified.
DEBUG - 2025-03-22 05:53:00 --> Session: Class initialized using 'CodeIgniter\Session\Handlers\FileHandler' driver.
DEBUG - 2025-03-22 05:53:00 --> Session: Class initialized using 'CodeIgniter\Session\Handlers\FileHandler' driver.
INFO - 2025-03-22 05:53:31 --> CSRF token verified.
DEBUG - 2025-03-22 05:53:31 --> Session: Class initialized using 'CodeIgniter\Session\Handlers\FileHandler' driver.
DEBUG - 2025-03-22 05:53:31 --> Session: Class initialized using 'CodeIgniter\Session\Handlers\FileHandler' driver.
INFO - 2025-03-22 05:53:59 --> CSRF token verified.
DEBUG - 2025-03-22 05:53:59 --> Session: Class initialized using 'CodeIgniter\Session\Handlers\FileHandler' driver.
DEBUG - 2025-03-22 05:53:59 --> Session: Class initialized using 'CodeIgniter\Session\Handlers\FileHandler' driver.
DEBUG - 2025-03-22 05:58:00 --> Session: Class initialized using 'CodeIgniter\Session\Handlers\FileHandler' driver.
DEBUG - 2025-03-22 05:58:02 --> Session: Class initialized using 'CodeIgniter\Session\Handlers\FileHandler' driver.
DEBUG - 2025-03-22 05:58:42 --> Session: Class initialized using 'CodeIgniter\Session\Handlers\FileHandler' driver.
INFO - 2025-03-22 05:59:03 --> CSRF token verified.
DEBUG - 2025-03-22 05:59:03 --> Session: Class initialized using 'CodeIgniter\Session\Handlers\FileHandler' driver.
DEBUG - 2025-03-22 05:59:13 --> Session: Class initialized using 'CodeIgniter\Session\Handlers\FileHandler' driver.
DEBUG - 2025-03-22 06:02:37 --> Session: Class initialized using 'CodeIgniter\Session\Handlers\FileHandler' driver.
DEBUG - 2025-03-22 06:04:03 --> Session: Class initialized using 'CodeIgniter\Session\Handlers\FileHandler' driver.
DEBUG - 2025-03-22 06:04:07 --> Session: Class initialized using 'CodeIgniter\Session\Handlers\FileHandler' driver.
DEBUG - 2025-03-22 06:05:11 --> Session: Class initialized using 'CodeIgniter\Session\Handlers\FileHandler' driver.
DEBUG - 2025-03-22 06:06:20 --> Session: Class initialized using 'CodeIgniter\Session\Handlers\FileHandler' driver.
INFO - 2025-03-22 06:06:35 --> CSRF token verified.
DEBUG - 2025-03-22 06:06:35 --> Session: Class initialized using 'CodeIgniter\Session\Handlers\FileHandler' driver.
DEBUG - 2025-03-22 06:06:35 --> Session: Class initialized using 'CodeIgniter\Session\Handlers\FileHandler' driver.
INFO - 2025-03-22 06:06:41 --> CSRF token verified.
DEBUG - 2025-03-22 06:06:41 --> Session: Class initialized using 'CodeIgniter\Session\Handlers\FileHandler' driver.
DEBUG - 2025-03-22 06:06:41 --> Session: Class initialized using 'CodeIgniter\Session\Handlers\FileHandler' driver.
INFO - 2025-03-22 06:06:50 --> CSRF token verified.
DEBUG - 2025-03-22 06:06:50 --> Session: Class initialized using 'CodeIgniter\Session\Handlers\FileHandler' driver.
DEBUG - 2025-03-22 06:06:50 --> Session: Class initialized using 'CodeIgniter\Session\Handlers\FileHandler' driver.
DEBUG - 2025-03-22 06:07:29 --> Session: Class initialized using 'CodeIgniter\Session\Handlers\FileHandler' driver.
INFO - 2025-03-22 06:07:33 --> CSRF token verified.
DEBUG - 2025-03-22 06:07:33 --> Session: Class initialized using 'CodeIgniter\Session\Handlers\FileHandler' driver.
DEBUG - 2025-03-22 06:07:33 --> Session: Class initialized using 'CodeIgniter\Session\Handlers\FileHandler' driver.
INFO - 2025-03-22 06:09:42 --> CSRF token verified.
DEBUG - 2025-03-22 06:09:42 --> Session: Class initialized using 'CodeIgniter\Session\Handlers\FileHandler' driver.
DEBUG - 2025-03-22 06:09:42 --> Session: Class initialized using 'CodeIgniter\Session\Handlers\FileHandler' driver.
INFO - 2025-03-22 06:13:00 --> CSRF token verified.
DEBUG - 2025-03-22 06:13:00 --> Session: Class initialized using 'CodeIgniter\Session\Handlers\FileHandler' driver.
DEBUG - 2025-03-22 06:13:00 --> Session: Class initialized using 'CodeIgniter\Session\Handlers\FileHandler' driver.
DEBUG - 2025-03-22 06:13:03 --> Session: Class initialized using 'CodeIgniter\Session\Handlers\FileHandler' driver.
DEBUG - 2025-03-22 06:13:04 --> Session: Class initialized using 'CodeIgniter\Session\Handlers\FileHandler' driver.
INFO - 2025-03-22 06:20:56 --> CSRF token verified.
DEBUG - 2025-03-22 06:20:56 --> Session: Class initialized using 'CodeIgniter\Session\Handlers\FileHandler' driver.
DEBUG - 2025-03-22 06:20:56 --> Session: Class initialized using 'CodeIgniter\Session\Handlers\FileHandler' driver.
CRITICAL - 2025-03-22 06:20:56 --> ErrorException: Array to string conversion
[Method: GET, Route: admin/pengumuman]
in APPPATH\Views\admin\info_sesi.php on line 5.
 1 APPPATH\Views\admin\info_sesi.php(5): CodeIgniter\Debug\Exceptions->errorHandler(2, 'Array to string conversion', 'D:\\xampp\\htdocs\\lulusan\\app\\Views\\admin\\info_sesi.php', 5)
 2 SYSTEMPATH\View\View.php(224): include('D:\\xampp\\htdocs\\lulusan\\app\\Views\\admin\\info_sesi.php')
 3 SYSTEMPATH\View\View.php(227): CodeIgniter\View\View->CodeIgniter\View\{closure}()
 4 SYSTEMPATH\Common.php(1173): CodeIgniter\View\View->render('admin/info_sesi', [], true)
 5 APPPATH\Views\admin\pengumuman.php(10): view('admin/info_sesi')
 6 SYSTEMPATH\View\View.php(224): include('D:\\xampp\\htdocs\\lulusan\\app\\Views\\admin\\pengumuman.php')
 7 SYSTEMPATH\View\View.php(227): CodeIgniter\View\View->CodeIgniter\View\{closure}()
 8 SYSTEMPATH\Common.php(1173): CodeIgniter\View\View->render('admin/pengumuman', [], true)
 9 APPPATH\Controllers\Admin\Pengumuman.php(39): view('admin/pengumuman', [...])
10 SYSTEMPATH\CodeIgniter.php(933): App\Controllers\Admin\Pengumuman->index()
11 SYSTEMPATH\CodeIgniter.php(507): CodeIgniter\CodeIgniter->runController(Object(App\Controllers\Admin\Pengumuman))
12 SYSTEMPATH\CodeIgniter.php(354): CodeIgniter\CodeIgniter->handleRequest(null, Object(Config\Cache), false)
13 SYSTEMPATH\Boot.php(334): CodeIgniter\CodeIgniter->run()
14 SYSTEMPATH\Boot.php(67): CodeIgniter\Boot::runCodeIgniter(Object(CodeIgniter\CodeIgniter))
15 FCPATH\index.php(56): CodeIgniter\Boot::bootWeb(Object(Config\Paths))
DEBUG - 2025-03-22 06:27:17 --> Session: Class initialized using 'CodeIgniter\Session\Handlers\FileHandler' driver.
INFO - 2025-03-22 06:27:31 --> CSRF token verified.
DEBUG - 2025-03-22 06:27:31 --> Session: Class initialized using 'CodeIgniter\Session\Handlers\FileHandler' driver.
DEBUG - 2025-03-22 06:27:31 --> Session: Class initialized using 'CodeIgniter\Session\Handlers\FileHandler' driver.
INFO - 2025-03-22 06:27:44 --> CSRF token verified.
DEBUG - 2025-03-22 06:27:44 --> Session: Class initialized using 'CodeIgniter\Session\Handlers\FileHandler' driver.
DEBUG - 2025-03-22 06:27:44 --> Session: Class initialized using 'CodeIgniter\Session\Handlers\FileHandler' driver.
DEBUG - 2025-03-22 06:29:25 --> Session: Class initialized using 'CodeIgniter\Session\Handlers\FileHandler' driver.
INFO - 2025-03-22 06:29:33 --> CSRF token verified.
DEBUG - 2025-03-22 06:29:33 --> Session: Class initialized using 'CodeIgniter\Session\Handlers\FileHandler' driver.
DEBUG - 2025-03-22 06:29:33 --> Session: Class initialized using 'CodeIgniter\Session\Handlers\FileHandler' driver.
INFO - 2025-03-22 07:31:11 --> CSRF token verified.
DEBUG - 2025-03-22 07:31:11 --> Session: Class initialized using 'CodeIgniter\Session\Handlers\FileHandler' driver.
DEBUG - 2025-03-22 07:31:12 --> Session: Class initialized using 'CodeIgniter\Session\Handlers\FileHandler' driver.
INFO - 2025-03-22 07:31:16 --> CSRF token verified.
DEBUG - 2025-03-22 07:31:16 --> Session: Class initialized using 'CodeIgniter\Session\Handlers\FileHandler' driver.
DEBUG - 2025-03-22 07:31:16 --> Session: Class initialized using 'CodeIgniter\Session\Handlers\FileHandler' driver.
DEBUG - 2025-03-22 07:33:14 --> Session: Class initialized using 'CodeIgniter\Session\Handlers\FileHandler' driver.
DEBUG - 2025-03-22 07:33:18 --> Session: Class initialized using 'CodeIgniter\Session\Handlers\FileHandler' driver.
DEBUG - 2025-03-22 07:34:01 --> Session: Class initialized using 'CodeIgniter\Session\Handlers\FileHandler' driver.
INFO - 2025-03-22 07:34:16 --> CSRF token verified.
DEBUG - 2025-03-22 07:34:16 --> Session: Class initialized using 'CodeIgniter\Session\Handlers\FileHandler' driver.
DEBUG - 2025-03-22 07:34:16 --> Session: Class initialized using 'CodeIgniter\Session\Handlers\FileHandler' driver.
DEBUG - 2025-03-22 07:34:32 --> Session: Class initialized using 'CodeIgniter\Session\Handlers\FileHandler' driver.
INFO - 2025-03-22 07:35:37 --> CSRF token verified.
DEBUG - 2025-03-22 07:35:37 --> Session: Class initialized using 'CodeIgniter\Session\Handlers\FileHandler' driver.
DEBUG - 2025-03-22 07:35:37 --> Session: Class initialized using 'CodeIgniter\Session\Handlers\FileHandler' driver.
INFO - 2025-03-22 07:35:38 --> CSRF token verified.
DEBUG - 2025-03-22 07:35:38 --> Session: Class initialized using 'CodeIgniter\Session\Handlers\FileHandler' driver.
DEBUG - 2025-03-22 07:35:38 --> Session: Class initialized using 'CodeIgniter\Session\Handlers\FileHandler' driver.
INFO - 2025-03-22 07:35:39 --> CSRF token verified.
DEBUG - 2025-03-22 07:35:39 --> Session: Class initialized using 'CodeIgniter\Session\Handlers\FileHandler' driver.
DEBUG - 2025-03-22 07:35:39 --> Session: Class initialized using 'CodeIgniter\Session\Handlers\FileHandler' driver.
DEBUG - 2025-03-22 07:37:18 --> Session: Class initialized using 'CodeIgniter\Session\Handlers\FileHandler' driver.
INFO - 2025-03-22 07:37:20 --> CSRF token verified.
DEBUG - 2025-03-22 07:37:20 --> Session: Class initialized using 'CodeIgniter\Session\Handlers\FileHandler' driver.
DEBUG - 2025-03-22 07:37:20 --> Session: Class initialized using 'CodeIgniter\Session\Handlers\FileHandler' driver.
INFO - 2025-03-22 07:37:37 --> CSRF token verified.
DEBUG - 2025-03-22 07:37:37 --> Session: Class initialized using 'CodeIgniter\Session\Handlers\FileHandler' driver.
DEBUG - 2025-03-22 07:37:37 --> Session: Class initialized using 'CodeIgniter\Session\Handlers\FileHandler' driver.
DEBUG - 2025-03-22 07:38:36 --> Session: Class initialized using 'CodeIgniter\Session\Handlers\FileHandler' driver.
INFO - 2025-03-22 07:38:39 --> CSRF token verified.
DEBUG - 2025-03-22 07:38:39 --> Session: Class initialized using 'CodeIgniter\Session\Handlers\FileHandler' driver.
DEBUG - 2025-03-22 07:38:39 --> Session: Class initialized using 'CodeIgniter\Session\Handlers\FileHandler' driver.
DEBUG - 2025-03-22 07:38:42 --> Session: Class initialized using 'CodeIgniter\Session\Handlers\FileHandler' driver.
INFO - 2025-03-22 07:38:52 --> CSRF token verified.
DEBUG - 2025-03-22 07:38:52 --> Session: Class initialized using 'CodeIgniter\Session\Handlers\FileHandler' driver.
CRITICAL - 2025-03-22 07:38:58 --> CodeIgniter\Security\Exceptions\SecurityException: The action you requested is not allowed.
[Method: POST, Route: admin/simpan_info]
in SYSTEMPATH\Security\Security.php on line 262.
 1 SYSTEMPATH\Security\Security.php(262): CodeIgniter\Security\Exceptions\SecurityException::forDisallowedAction()
 2 SYSTEMPATH\Filters\CSRF.php(52): CodeIgniter\Security\Security->verify(Object(CodeIgniter\HTTP\IncomingRequest))
 3 SYSTEMPATH\Filters\Filters.php(241): CodeIgniter\Filters\CSRF->before(Object(CodeIgniter\HTTP\IncomingRequest), null)
 4 SYSTEMPATH\Filters\Filters.php(221): CodeIgniter\Filters\Filters->runBefore([...])
 5 SYSTEMPATH\CodeIgniter.php(479): CodeIgniter\Filters\Filters->run('admin/simpan_info', 'before')
 6 SYSTEMPATH\CodeIgniter.php(354): CodeIgniter\CodeIgniter->handleRequest(null, Object(Config\Cache), false)
 7 SYSTEMPATH\Boot.php(334): CodeIgniter\CodeIgniter->run()
 8 SYSTEMPATH\Boot.php(67): CodeIgniter\Boot::runCodeIgniter(Object(CodeIgniter\CodeIgniter))
 9 FCPATH\index.php(56): CodeIgniter\Boot::bootWeb(Object(Config\Paths))
DEBUG - 2025-03-22 07:39:04 --> Session: Class initialized using 'CodeIgniter\Session\Handlers\FileHandler' driver.
INFO - 2025-03-22 07:39:08 --> CSRF token verified.
DEBUG - 2025-03-22 07:39:08 --> Session: Class initialized using 'CodeIgniter\Session\Handlers\FileHandler' driver.
DEBUG - 2025-03-22 07:39:08 --> Session: Class initialized using 'CodeIgniter\Session\Handlers\FileHandler' driver.
DEBUG - 2025-03-22 07:39:35 --> Session: Class initialized using 'CodeIgniter\Session\Handlers\FileHandler' driver.
INFO - 2025-03-22 07:39:49 --> CSRF token verified.
DEBUG - 2025-03-22 07:39:49 --> Session: Class initialized using 'CodeIgniter\Session\Handlers\FileHandler' driver.
DEBUG - 2025-03-22 07:39:49 --> Session: Class initialized using 'CodeIgniter\Session\Handlers\FileHandler' driver.
DEBUG - 2025-03-22 07:48:57 --> Session: Class initialized using 'CodeIgniter\Session\Handlers\FileHandler' driver.
DEBUG - 2025-03-22 07:49:16 --> Session: Class initialized using 'CodeIgniter\Session\Handlers\FileHandler' driver.
INFO - 2025-03-22 07:49:25 --> CSRF token verified.
DEBUG - 2025-03-22 07:49:25 --> Session: Class initialized using 'CodeIgniter\Session\Handlers\FileHandler' driver.
DEBUG - 2025-03-22 07:49:25 --> Session: Class initialized using 'CodeIgniter\Session\Handlers\FileHandler' driver.
DEBUG - 2025-03-22 07:49:40 --> Session: Class initialized using 'CodeIgniter\Session\Handlers\FileHandler' driver.
DEBUG - 2025-03-22 07:58:52 --> Session: Class initialized using 'CodeIgniter\Session\Handlers\FileHandler' driver.
INFO - 2025-03-22 07:59:15 --> CSRF token verified.
DEBUG - 2025-03-22 07:59:15 --> Session: Class initialized using 'CodeIgniter\Session\Handlers\FileHandler' driver.
DEBUG - 2025-03-22 07:59:15 --> Session: Class initialized using 'CodeIgniter\Session\Handlers\FileHandler' driver.
DEBUG - 2025-03-22 07:59:19 --> Session: Class initialized using 'CodeIgniter\Session\Handlers\FileHandler' driver.
INFO - 2025-03-22 07:59:25 --> CSRF token verified.
DEBUG - 2025-03-22 07:59:25 --> Session: Class initialized using 'CodeIgniter\Session\Handlers\FileHandler' driver.
DEBUG - 2025-03-22 07:59:26 --> Session: Class initialized using 'CodeIgniter\Session\Handlers\FileHandler' driver.
CRITICAL - 2025-03-22 12:23:10 --> CodeIgniter\Security\Exceptions\SecurityException: The action you requested is not allowed.
[Method: POST, Route: admin/simpan_info]
in SYSTEMPATH\Security\Security.php on line 262.
 1 SYSTEMPATH\Security\Security.php(262): CodeIgniter\Security\Exceptions\SecurityException::forDisallowedAction()
 2 SYSTEMPATH\Filters\CSRF.php(52): CodeIgniter\Security\Security->verify(Object(CodeIgniter\HTTP\IncomingRequest))
 3 SYSTEMPATH\Filters\Filters.php(241): CodeIgniter\Filters\CSRF->before(Object(CodeIgniter\HTTP\IncomingRequest), null)
 4 SYSTEMPATH\Filters\Filters.php(221): CodeIgniter\Filters\Filters->runBefore([...])
 5 SYSTEMPATH\CodeIgniter.php(479): CodeIgniter\Filters\Filters->run('admin/simpan_info', 'before')
 6 SYSTEMPATH\CodeIgniter.php(354): CodeIgniter\CodeIgniter->handleRequest(null, Object(Config\Cache), false)
 7 SYSTEMPATH\Boot.php(334): CodeIgniter\CodeIgniter->run()
 8 SYSTEMPATH\Boot.php(67): CodeIgniter\Boot::runCodeIgniter(Object(CodeIgniter\CodeIgniter))
 9 FCPATH\index.php(56): CodeIgniter\Boot::bootWeb(Object(Config\Paths))
CRITICAL - 2025-03-22 12:27:48 --> CodeIgniter\Security\Exceptions\SecurityException: The action you requested is not allowed.
[Method: POST, Route: admin/simpan_info]
in SYSTEMPATH\Security\Security.php on line 262.
 1 SYSTEMPATH\Security\Security.php(262): CodeIgniter\Security\Exceptions\SecurityException::forDisallowedAction()
 2 SYSTEMPATH\Filters\CSRF.php(52): CodeIgniter\Security\Security->verify(Object(CodeIgniter\HTTP\IncomingRequest))
 3 SYSTEMPATH\Filters\Filters.php(241): CodeIgniter\Filters\CSRF->before(Object(CodeIgniter\HTTP\IncomingRequest), null)
 4 SYSTEMPATH\Filters\Filters.php(221): CodeIgniter\Filters\Filters->runBefore([...])
 5 SYSTEMPATH\CodeIgniter.php(479): CodeIgniter\Filters\Filters->run('admin/simpan_info', 'before')
 6 SYSTEMPATH\CodeIgniter.php(354): CodeIgniter\CodeIgniter->handleRequest(null, Object(Config\Cache), false)
 7 SYSTEMPATH\Boot.php(334): CodeIgniter\CodeIgniter->run()
 8 SYSTEMPATH\Boot.php(67): CodeIgniter\Boot::runCodeIgniter(Object(CodeIgniter\CodeIgniter))
 9 FCPATH\index.php(56): CodeIgniter\Boot::bootWeb(Object(Config\Paths))
DEBUG - 2025-03-22 12:27:49 --> Session: Class initialized using 'CodeIgniter\Session\Handlers\FileHandler' driver.
DEBUG - 2025-03-22 12:27:50 --> Session: Class initialized using 'CodeIgniter\Session\Handlers\FileHandler' driver.
INFO - 2025-03-22 12:28:02 --> CSRF token verified.
DEBUG - 2025-03-22 12:28:02 --> Session: Class initialized using 'CodeIgniter\Session\Handlers\FileHandler' driver.
DEBUG - 2025-03-22 12:28:02 --> Session: Class initialized using 'CodeIgniter\Session\Handlers\FileHandler' driver.
DEBUG - 2025-03-22 12:28:09 --> Session: Class initialized using 'CodeIgniter\Session\Handlers\FileHandler' driver.
INFO - 2025-03-22 12:28:24 --> CSRF token verified.
DEBUG - 2025-03-22 12:28:24 --> Session: Class initialized using 'CodeIgniter\Session\Handlers\FileHandler' driver.
DEBUG - 2025-03-22 12:28:24 --> Session: Class initialized using 'CodeIgniter\Session\Handlers\FileHandler' driver.
INFO - 2025-03-22 12:28:38 --> CSRF token verified.
DEBUG - 2025-03-22 12:28:38 --> Session: Class initialized using 'CodeIgniter\Session\Handlers\FileHandler' driver.
DEBUG - 2025-03-22 12:28:38 --> Session: Class initialized using 'CodeIgniter\Session\Handlers\FileHandler' driver.
DEBUG - 2025-03-22 12:36:29 --> Session: Class initialized using 'CodeIgniter\Session\Handlers\FileHandler' driver.
INFO - 2025-03-22 12:36:39 --> CSRF token verified.
DEBUG - 2025-03-22 12:36:39 --> Session: Class initialized using 'CodeIgniter\Session\Handlers\FileHandler' driver.
DEBUG - 2025-03-22 12:36:40 --> Session: Class initialized using 'CodeIgniter\Session\Handlers\FileHandler' driver.
DEBUG - 2025-03-22 12:42:25 --> Session: Class initialized using 'CodeIgniter\Session\Handlers\FileHandler' driver.
INFO - 2025-03-22 12:42:32 --> CSRF token verified.
DEBUG - 2025-03-22 12:42:32 --> Session: Class initialized using 'CodeIgniter\Session\Handlers\FileHandler' driver.
DEBUG - 2025-03-22 12:42:32 --> Session: Class initialized using 'CodeIgniter\Session\Handlers\FileHandler' driver.
DEBUG - 2025-03-22 12:42:38 --> Session: Class initialized using 'CodeIgniter\Session\Handlers\FileHandler' driver.
INFO - 2025-03-22 12:46:37 --> CSRF token verified.
DEBUG - 2025-03-22 12:46:37 --> Session: Class initialized using 'CodeIgniter\Session\Handlers\FileHandler' driver.
DEBUG - 2025-03-22 12:46:49 --> Session: Class initialized using 'CodeIgniter\Session\Handlers\FileHandler' driver.
INFO - 2025-03-22 12:47:05 --> CSRF token verified.
DEBUG - 2025-03-22 12:47:05 --> Session: Class initialized using 'CodeIgniter\Session\Handlers\FileHandler' driver.
DEBUG - 2025-03-22 12:47:19 --> Session: Class initialized using 'CodeIgniter\Session\Handlers\FileHandler' driver.
DEBUG - 2025-03-22 12:47:23 --> Session: Class initialized using 'CodeIgniter\Session\Handlers\FileHandler' driver.
INFO - 2025-03-22 12:47:31 --> CSRF token verified.
DEBUG - 2025-03-22 12:47:31 --> Session: Class initialized using 'CodeIgniter\Session\Handlers\FileHandler' driver.
CRITICAL - 2025-03-22 12:47:31 --> CodeIgniter\Security\Exceptions\SecurityException: The action you requested is not allowed.
[Method: POST, Route: admin/hapus_info]
in SYSTEMPATH\Security\Security.php on line 262.
 1 SYSTEMPATH\Security\Security.php(262): CodeIgniter\Security\Exceptions\SecurityException::forDisallowedAction()
 2 SYSTEMPATH\Filters\CSRF.php(52): CodeIgniter\Security\Security->verify(Object(CodeIgniter\HTTP\IncomingRequest))
 3 SYSTEMPATH\Filters\Filters.php(241): CodeIgniter\Filters\CSRF->before(Object(CodeIgniter\HTTP\IncomingRequest), null)
 4 SYSTEMPATH\Filters\Filters.php(221): CodeIgniter\Filters\Filters->runBefore([...])
 5 SYSTEMPATH\CodeIgniter.php(479): CodeIgniter\Filters\Filters->run('admin/hapus_info', 'before')
 6 SYSTEMPATH\CodeIgniter.php(354): CodeIgniter\CodeIgniter->handleRequest(null, Object(Config\Cache), false)
 7 SYSTEMPATH\Boot.php(334): CodeIgniter\CodeIgniter->run()
 8 SYSTEMPATH\Boot.php(67): CodeIgniter\Boot::runCodeIgniter(Object(CodeIgniter\CodeIgniter))
 9 FCPATH\index.php(56): CodeIgniter\Boot::bootWeb(Object(Config\Paths))
DEBUG - 2025-03-22 12:48:04 --> Session: Class initialized using 'CodeIgniter\Session\Handlers\FileHandler' driver.
INFO - 2025-03-22 12:48:12 --> CSRF token verified.
DEBUG - 2025-03-22 12:48:12 --> Session: Class initialized using 'CodeIgniter\Session\Handlers\FileHandler' driver.
DEBUG - 2025-03-22 12:50:27 --> Session: Class initialized using 'CodeIgniter\Session\Handlers\FileHandler' driver.
INFO - 2025-03-22 12:50:41 --> CSRF token verified.
DEBUG - 2025-03-22 12:50:41 --> Session: Class initialized using 'CodeIgniter\Session\Handlers\FileHandler' driver.
CRITICAL - 2025-03-22 12:50:41 --> ErrorException: Array to string conversion
[Method: POST, Route: admin/simpan_info]
in APPPATH\Controllers\Admin\Pengumuman.php on line 164.
 1 APPPATH\Controllers\Admin\Pengumuman.php(164): CodeIgniter\Debug\Exceptions->errorHandler(2, 'Array to string conversion', 'D:\\xampp\\htdocs\\lulusan\\app\\Controllers\\Admin\\Pengumuman.php', 164)
 2 SYSTEMPATH\CodeIgniter.php(933): App\Controllers\Admin\Pengumuman->simpanInfo()
 3 SYSTEMPATH\CodeIgniter.php(507): CodeIgniter\CodeIgniter->runController(Object(App\Controllers\Admin\Pengumuman))
 4 SYSTEMPATH\CodeIgniter.php(354): CodeIgniter\CodeIgniter->handleRequest(null, Object(Config\Cache), false)
 5 SYSTEMPATH\Boot.php(334): CodeIgniter\CodeIgniter->run()
 6 SYSTEMPATH\Boot.php(67): CodeIgniter\Boot::runCodeIgniter(Object(CodeIgniter\CodeIgniter))
 7 FCPATH\index.php(56): CodeIgniter\Boot::bootWeb(Object(Config\Paths))
INFO - 2025-03-22 12:51:03 --> CSRF token verified.
DEBUG - 2025-03-22 12:51:03 --> Session: Class initialized using 'CodeIgniter\Session\Handlers\FileHandler' driver.
DEBUG - 2025-03-22 12:53:37 --> Session: Class initialized using 'CodeIgniter\Session\Handlers\FileHandler' driver.
INFO - 2025-03-22 12:53:49 --> CSRF token verified.
DEBUG - 2025-03-22 12:53:49 --> Session: Class initialized using 'CodeIgniter\Session\Handlers\FileHandler' driver.
DEBUG - 2025-03-22 12:54:26 --> Session: Class initialized using 'CodeIgniter\Session\Handlers\FileHandler' driver.
INFO - 2025-03-22 12:54:38 --> CSRF token verified.
DEBUG - 2025-03-22 12:54:38 --> Session: Class initialized using 'CodeIgniter\Session\Handlers\FileHandler' driver.
DEBUG - 2025-03-22 13:01:41 --> Session: Class initialized using 'CodeIgniter\Session\Handlers\FileHandler' driver.
INFO - 2025-03-22 13:01:50 --> CSRF token verified.
DEBUG - 2025-03-22 13:01:50 --> Session: Class initialized using 'CodeIgniter\Session\Handlers\FileHandler' driver.
DEBUG - 2025-03-22 13:03:37 --> Session: Class initialized using 'CodeIgniter\Session\Handlers\FileHandler' driver.
INFO - 2025-03-22 13:03:45 --> CSRF token verified.
DEBUG - 2025-03-22 13:03:45 --> Session: Class initialized using 'CodeIgniter\Session\Handlers\FileHandler' driver.
CRITICAL - 2025-03-22 13:03:45 --> ErrorException: Array to string conversion
[Method: POST, Route: admin/simpan_info]
in APPPATH\Controllers\Admin\Pengumuman.php on line 168.
 1 APPPATH\Controllers\Admin\Pengumuman.php(168): CodeIgniter\Debug\Exceptions->errorHandler(2, 'Array to string conversion', 'D:\\xampp\\htdocs\\lulusan\\app\\Controllers\\Admin\\Pengumuman.php', 168)
 2 SYSTEMPATH\CodeIgniter.php(933): App\Controllers\Admin\Pengumuman->simpanInfo()
 3 SYSTEMPATH\CodeIgniter.php(507): CodeIgniter\CodeIgniter->runController(Object(App\Controllers\Admin\Pengumuman))
 4 SYSTEMPATH\CodeIgniter.php(354): CodeIgniter\CodeIgniter->handleRequest(null, Object(Config\Cache), false)
 5 SYSTEMPATH\Boot.php(334): CodeIgniter\CodeIgniter->run()
 6 SYSTEMPATH\Boot.php(67): CodeIgniter\Boot::runCodeIgniter(Object(CodeIgniter\CodeIgniter))
 7 FCPATH\index.php(56): CodeIgniter\Boot::bootWeb(Object(Config\Paths))
DEBUG - 2025-03-22 13:04:57 --> Session: Class initialized using 'CodeIgniter\Session\Handlers\FileHandler' driver.
INFO - 2025-03-22 13:05:04 --> CSRF token verified.
DEBUG - 2025-03-22 13:05:04 --> Session: Class initialized using 'CodeIgniter\Session\Handlers\FileHandler' driver.
DEBUG - 2025-03-22 13:07:34 --> Session: Class initialized using 'CodeIgniter\Session\Handlers\FileHandler' driver.
DEBUG - 2025-03-22 13:07:37 --> Session: Class initialized using 'CodeIgniter\Session\Handlers\FileHandler' driver.
INFO - 2025-03-22 13:07:45 --> CSRF token verified.
DEBUG - 2025-03-22 13:07:45 --> Session: Class initialized using 'CodeIgniter\Session\Handlers\FileHandler' driver.
DEBUG - 2025-03-22 13:08:40 --> Session: Class initialized using 'CodeIgniter\Session\Handlers\FileHandler' driver.
INFO - 2025-03-22 13:08:48 --> CSRF token verified.
DEBUG - 2025-03-22 13:08:48 --> Session: Class initialized using 'CodeIgniter\Session\Handlers\FileHandler' driver.
DEBUG - 2025-03-22 13:10:10 --> Session: Class initialized using 'CodeIgniter\Session\Handlers\FileHandler' driver.
INFO - 2025-03-22 13:10:18 --> CSRF token verified.
DEBUG - 2025-03-22 13:10:18 --> Session: Class initialized using 'CodeIgniter\Session\Handlers\FileHandler' driver.
DEBUG - 2025-03-22 13:11:07 --> Session: Class initialized using 'CodeIgniter\Session\Handlers\FileHandler' driver.
INFO - 2025-03-22 13:11:13 --> CSRF token verified.
DEBUG - 2025-03-22 13:11:13 --> Session: Class initialized using 'CodeIgniter\Session\Handlers\FileHandler' driver.
DEBUG - 2025-03-22 13:14:37 --> Session: Class initialized using 'CodeIgniter\Session\Handlers\FileHandler' driver.
INFO - 2025-03-22 13:14:43 --> CSRF token verified.
DEBUG - 2025-03-22 13:14:43 --> Session: Class initialized using 'CodeIgniter\Session\Handlers\FileHandler' driver.
DEBUG - 2025-03-22 13:20:15 --> Session: Class initialized using 'CodeIgniter\Session\Handlers\FileHandler' driver.
INFO - 2025-03-22 13:20:22 --> CSRF token verified.
DEBUG - 2025-03-22 13:20:22 --> Session: Class initialized using 'CodeIgniter\Session\Handlers\FileHandler' driver.
DEBUG - 2025-03-22 13:23:53 --> Session: Class initialized using 'CodeIgniter\Session\Handlers\FileHandler' driver.
INFO - 2025-03-22 13:23:59 --> CSRF token verified.
DEBUG - 2025-03-22 13:23:59 --> Session: Class initialized using 'CodeIgniter\Session\Handlers\FileHandler' driver.
CRITICAL - 2025-03-22 13:24:10 --> CodeIgniter\Security\Exceptions\SecurityException: The action you requested is not allowed.
[Method: POST, Route: admin/simpan_info]
in SYSTEMPATH\Security\Security.php on line 262.
 1 SYSTEMPATH\Security\Security.php(262): CodeIgniter\Security\Exceptions\SecurityException::forDisallowedAction()
 2 SYSTEMPATH\Filters\CSRF.php(52): CodeIgniter\Security\Security->verify(Object(CodeIgniter\HTTP\IncomingRequest))
 3 SYSTEMPATH\Filters\Filters.php(241): CodeIgniter\Filters\CSRF->before(Object(CodeIgniter\HTTP\IncomingRequest), null)
 4 SYSTEMPATH\Filters\Filters.php(221): CodeIgniter\Filters\Filters->runBefore([...])
 5 SYSTEMPATH\CodeIgniter.php(479): CodeIgniter\Filters\Filters->run('admin/simpan_info', 'before')
 6 SYSTEMPATH\CodeIgniter.php(354): CodeIgniter\CodeIgniter->handleRequest(null, Object(Config\Cache), false)
 7 SYSTEMPATH\Boot.php(334): CodeIgniter\CodeIgniter->run()
 8 SYSTEMPATH\Boot.php(67): CodeIgniter\Boot::runCodeIgniter(Object(CodeIgniter\CodeIgniter))
 9 FCPATH\index.php(56): CodeIgniter\Boot::bootWeb(Object(Config\Paths))
DEBUG - 2025-03-22 13:24:11 --> Session: Class initialized using 'CodeIgniter\Session\Handlers\FileHandler' driver.
DEBUG - 2025-03-22 13:24:12 --> Session: Class initialized using 'CodeIgniter\Session\Handlers\FileHandler' driver.
INFO - 2025-03-22 13:24:16 --> CSRF token verified.
DEBUG - 2025-03-22 13:24:16 --> Session: Class initialized using 'CodeIgniter\Session\Handlers\FileHandler' driver.
DEBUG - 2025-03-22 13:25:09 --> Session: Class initialized using 'CodeIgniter\Session\Handlers\FileHandler' driver.
DEBUG - 2025-03-22 13:25:10 --> Session: Class initialized using 'CodeIgniter\Session\Handlers\FileHandler' driver.
INFO - 2025-03-22 13:25:15 --> CSRF token verified.
DEBUG - 2025-03-22 13:25:15 --> Session: Class initialized using 'CodeIgniter\Session\Handlers\FileHandler' driver.
DEBUG - 2025-03-22 13:25:45 --> Session: Class initialized using 'CodeIgniter\Session\Handlers\FileHandler' driver.
DEBUG - 2025-03-22 13:25:47 --> Session: Class initialized using 'CodeIgniter\Session\Handlers\FileHandler' driver.
INFO - 2025-03-22 13:25:51 --> CSRF token verified.
DEBUG - 2025-03-22 13:25:51 --> Session: Class initialized using 'CodeIgniter\Session\Handlers\FileHandler' driver.
DEBUG - 2025-03-22 13:27:08 --> Session: Class initialized using 'CodeIgniter\Session\Handlers\FileHandler' driver.
INFO - 2025-03-22 13:27:15 --> CSRF token verified.
DEBUG - 2025-03-22 13:27:15 --> Session: Class initialized using 'CodeIgniter\Session\Handlers\FileHandler' driver.
DEBUG - 2025-03-22 13:27:45 --> Session: Class initialized using 'CodeIgniter\Session\Handlers\FileHandler' driver.
INFO - 2025-03-22 13:27:57 --> CSRF token verified.
DEBUG - 2025-03-22 13:27:57 --> Session: Class initialized using 'CodeIgniter\Session\Handlers\FileHandler' driver.
DEBUG - 2025-03-22 13:29:56 --> Session: Class initialized using 'CodeIgniter\Session\Handlers\FileHandler' driver.
DEBUG - 2025-03-22 13:29:58 --> Session: Class initialized using 'CodeIgniter\Session\Handlers\FileHandler' driver.
INFO - 2025-03-22 13:30:06 --> CSRF token verified.
DEBUG - 2025-03-22 13:30:06 --> Session: Class initialized using 'CodeIgniter\Session\Handlers\FileHandler' driver.
DEBUG - 2025-03-22 13:30:48 --> Session: Class initialized using 'CodeIgniter\Session\Handlers\FileHandler' driver.
INFO - 2025-03-22 13:31:14 --> CSRF token verified.
DEBUG - 2025-03-22 13:31:14 --> Session: Class initialized using 'CodeIgniter\Session\Handlers\FileHandler' driver.
DEBUG - 2025-03-22 13:32:19 --> Session: Class initialized using 'CodeIgniter\Session\Handlers\FileHandler' driver.
INFO - 2025-03-22 13:32:46 --> CSRF token verified.
DEBUG - 2025-03-22 13:32:46 --> Session: Class initialized using 'CodeIgniter\Session\Handlers\FileHandler' driver.
DEBUG - 2025-03-22 13:37:56 --> Session: Class initialized using 'CodeIgniter\Session\Handlers\FileHandler' driver.
INFO - 2025-03-22 13:38:55 --> CSRF token verified.
DEBUG - 2025-03-22 13:38:55 --> Session: Class initialized using 'CodeIgniter\Session\Handlers\FileHandler' driver.
DEBUG - 2025-03-22 13:39:46 --> Session: Class initialized using 'CodeIgniter\Session\Handlers\FileHandler' driver.
INFO - 2025-03-22 13:40:13 --> CSRF token verified.
DEBUG - 2025-03-22 13:40:13 --> Session: Class initialized using 'CodeIgniter\Session\Handlers\FileHandler' driver.
DEBUG - 2025-03-22 13:40:13 --> Session: Class initialized using 'CodeIgniter\Session\Handlers\FileHandler' driver.
CRITICAL - 2025-03-22 13:40:13 --> ErrorException: Array to string conversion
[Method: GET, Route: admin/pengumuman]
in APPPATH\Views\admin\info_sesi.php on line 5.
 1 APPPATH\Views\admin\info_sesi.php(5): CodeIgniter\Debug\Exceptions->errorHandler(2, 'Array to string conversion', 'D:\\xampp\\htdocs\\lulusan\\app\\Views\\admin\\info_sesi.php', 5)
 2 SYSTEMPATH\View\View.php(224): include('D:\\xampp\\htdocs\\lulusan\\app\\Views\\admin\\info_sesi.php')
 3 SYSTEMPATH\View\View.php(227): CodeIgniter\View\View->CodeIgniter\View\{closure}()
 4 SYSTEMPATH\Common.php(1173): CodeIgniter\View\View->render('admin/info_sesi', [], true)
 5 APPPATH\Views\admin\pengumuman.php(10): view('admin/info_sesi')
 6 SYSTEMPATH\View\View.php(224): include('D:\\xampp\\htdocs\\lulusan\\app\\Views\\admin\\pengumuman.php')
 7 SYSTEMPATH\View\View.php(227): CodeIgniter\View\View->CodeIgniter\View\{closure}()
 8 SYSTEMPATH\Common.php(1173): CodeIgniter\View\View->render('admin/pengumuman', [], true)
 9 APPPATH\Controllers\Admin\Pengumuman.php(39): view('admin/pengumuman', [...])
10 SYSTEMPATH\CodeIgniter.php(933): App\Controllers\Admin\Pengumuman->index()
11 SYSTEMPATH\CodeIgniter.php(507): CodeIgniter\CodeIgniter->runController(Object(App\Controllers\Admin\Pengumuman))
12 SYSTEMPATH\CodeIgniter.php(354): CodeIgniter\CodeIgniter->handleRequest(null, Object(Config\Cache), false)
13 SYSTEMPATH\Boot.php(334): CodeIgniter\CodeIgniter->run()
14 SYSTEMPATH\Boot.php(67): CodeIgniter\Boot::runCodeIgniter(Object(CodeIgniter\CodeIgniter))
15 FCPATH\index.php(56): CodeIgniter\Boot::bootWeb(Object(Config\Paths))
DEBUG - 2025-03-22 13:41:21 --> Session: Class initialized using 'CodeIgniter\Session\Handlers\FileHandler' driver.
INFO - 2025-03-22 13:41:40 --> CSRF token verified.
DEBUG - 2025-03-22 13:41:40 --> Session: Class initialized using 'CodeIgniter\Session\Handlers\FileHandler' driver.
DEBUG - 2025-03-22 13:41:40 --> Session: Class initialized using 'CodeIgniter\Session\Handlers\FileHandler' driver.
DEBUG - 2025-03-22 13:42:02 --> Session: Class initialized using 'CodeIgniter\Session\Handlers\FileHandler' driver.
INFO - 2025-03-22 13:42:12 --> CSRF token verified.
DEBUG - 2025-03-22 13:42:12 --> Session: Class initialized using 'CodeIgniter\Session\Handlers\FileHandler' driver.
DEBUG - 2025-03-22 13:42:13 --> Session: Class initialized using 'CodeIgniter\Session\Handlers\FileHandler' driver.
DEBUG - 2025-03-22 13:45:18 --> Session: Class initialized using 'CodeIgniter\Session\Handlers\FileHandler' driver.
INFO - 2025-03-22 13:45:24 --> CSRF token verified.
DEBUG - 2025-03-22 13:45:24 --> Session: Class initialized using 'CodeIgniter\Session\Handlers\FileHandler' driver.
DEBUG - 2025-03-22 13:45:53 --> Session: Class initialized using 'CodeIgniter\Session\Handlers\FileHandler' driver.
INFO - 2025-03-22 13:46:03 --> CSRF token verified.
DEBUG - 2025-03-22 13:46:03 --> Session: Class initialized using 'CodeIgniter\Session\Handlers\FileHandler' driver.
DEBUG - 2025-03-22 13:46:17 --> Session: Class initialized using 'CodeIgniter\Session\Handlers\FileHandler' driver.
INFO - 2025-03-22 13:56:02 --> CSRF token verified.
DEBUG - 2025-03-22 13:56:02 --> Session: Class initialized using 'CodeIgniter\Session\Handlers\FileHandler' driver.
DEBUG - 2025-03-22 13:56:10 --> Session: Class initialized using 'CodeIgniter\Session\Handlers\FileHandler' driver.
INFO - 2025-03-22 13:56:17 --> CSRF token verified.
DEBUG - 2025-03-22 13:56:17 --> Session: Class initialized using 'CodeIgniter\Session\Handlers\FileHandler' driver.
DEBUG - 2025-03-22 13:57:57 --> Session: Class initialized using 'CodeIgniter\Session\Handlers\FileHandler' driver.
INFO - 2025-03-22 13:58:07 --> CSRF token verified.
DEBUG - 2025-03-22 13:58:07 --> Session: Class initialized using 'CodeIgniter\Session\Handlers\FileHandler' driver.
DEBUG - 2025-03-22 13:58:21 --> Session: Class initialized using 'CodeIgniter\Session\Handlers\FileHandler' driver.
DEBUG - 2025-03-22 13:58:23 --> Session: Class initialized using 'CodeIgniter\Session\Handlers\FileHandler' driver.
INFO - 2025-03-22 13:58:32 --> CSRF token verified.
DEBUG - 2025-03-22 13:58:32 --> Session: Class initialized using 'CodeIgniter\Session\Handlers\FileHandler' driver.
DEBUG - 2025-03-22 14:01:48 --> Session: Class initialized using 'CodeIgniter\Session\Handlers\FileHandler' driver.
INFO - 2025-03-22 14:01:59 --> CSRF token verified.
DEBUG - 2025-03-22 14:01:59 --> Session: Class initialized using 'CodeIgniter\Session\Handlers\FileHandler' driver.
DEBUG - 2025-03-22 14:08:32 --> Session: Class initialized using 'CodeIgniter\Session\Handlers\FileHandler' driver.
DEBUG - 2025-03-22 14:08:33 --> Session: Class initialized using 'CodeIgniter\Session\Handlers\FileHandler' driver.
INFO - 2025-03-22 14:08:43 --> CSRF token verified.
DEBUG - 2025-03-22 14:08:43 --> Session: Class initialized using 'CodeIgniter\Session\Handlers\FileHandler' driver.
DEBUG - 2025-03-22 14:09:59 --> Session: Class initialized using 'CodeIgniter\Session\Handlers\FileHandler' driver.
DEBUG - 2025-03-22 14:10:00 --> Session: Class initialized using 'CodeIgniter\Session\Handlers\FileHandler' driver.
INFO - 2025-03-22 14:10:11 --> CSRF token verified.
DEBUG - 2025-03-22 14:10:11 --> Session: Class initialized using 'CodeIgniter\Session\Handlers\FileHandler' driver.
CRITICAL - 2025-03-22 14:10:11 --> Error: Call to undefined function App\Controllers\Admin\var_dum()
[Method: POST, Route: admin/simpan_info]
in APPPATH\Controllers\Admin\Pengumuman.php on line 155.
 1 SYSTEMPATH\CodeIgniter.php(933): App\Controllers\Admin\Pengumuman->simpanInfo()
 2 SYSTEMPATH\CodeIgniter.php(507): CodeIgniter\CodeIgniter->runController(Object(App\Controllers\Admin\Pengumuman))
 3 SYSTEMPATH\CodeIgniter.php(354): CodeIgniter\CodeIgniter->handleRequest(null, Object(Config\Cache), false)
 4 SYSTEMPATH\Boot.php(334): CodeIgniter\CodeIgniter->run()
 5 SYSTEMPATH\Boot.php(67): CodeIgniter\Boot::runCodeIgniter(Object(CodeIgniter\CodeIgniter))
 6 FCPATH\index.php(56): CodeIgniter\Boot::bootWeb(Object(Config\Paths))
INFO - 2025-03-22 14:10:33 --> CSRF token verified.
DEBUG - 2025-03-22 14:10:33 --> Session: Class initialized using 'CodeIgniter\Session\Handlers\FileHandler' driver.
DEBUG - 2025-03-22 14:12:05 --> Session: Class initialized using 'CodeIgniter\Session\Handlers\FileHandler' driver.
DEBUG - 2025-03-22 14:12:06 --> Session: Class initialized using 'CodeIgniter\Session\Handlers\FileHandler' driver.
DEBUG - 2025-03-22 14:12:37 --> Session: Class initialized using 'CodeIgniter\Session\Handlers\FileHandler' driver.
INFO - 2025-03-22 14:12:46 --> CSRF token verified.
DEBUG - 2025-03-22 14:12:46 --> Session: Class initialized using 'CodeIgniter\Session\Handlers\FileHandler' driver.
DEBUG - 2025-03-22 14:13:50 --> Session: Class initialized using 'CodeIgniter\Session\Handlers\FileHandler' driver.
INFO - 2025-03-22 14:14:00 --> CSRF token verified.
DEBUG - 2025-03-22 14:14:00 --> Session: Class initialized using 'CodeIgniter\Session\Handlers\FileHandler' driver.
DEBUG - 2025-03-22 14:18:09 --> Session: Class initialized using 'CodeIgniter\Session\Handlers\FileHandler' driver.
INFO - 2025-03-22 14:18:18 --> CSRF token verified.
DEBUG - 2025-03-22 14:18:18 --> Session: Class initialized using 'CodeIgniter\Session\Handlers\FileHandler' driver.
DEBUG - 2025-03-22 14:18:31 --> Session: Class initialized using 'CodeIgniter\Session\Handlers\FileHandler' driver.
INFO - 2025-03-22 14:18:36 --> CSRF token verified.
DEBUG - 2025-03-22 14:18:36 --> Session: Class initialized using 'CodeIgniter\Session\Handlers\FileHandler' driver.
DEBUG - 2025-03-22 14:18:40 --> Session: Class initialized using 'CodeIgniter\Session\Handlers\FileHandler' driver.
INFO - 2025-03-22 14:18:49 --> CSRF token verified.
DEBUG - 2025-03-22 14:18:49 --> Session: Class initialized using 'CodeIgniter\Session\Handlers\FileHandler' driver.
DEBUG - 2025-03-22 14:27:05 --> Session: Class initialized using 'CodeIgniter\Session\Handlers\FileHandler' driver.
INFO - 2025-03-22 14:27:26 --> CSRF token verified.
DEBUG - 2025-03-22 14:27:26 --> Session: Class initialized using 'CodeIgniter\Session\Handlers\FileHandler' driver.
DEBUG - 2025-03-22 14:30:43 --> Session: Class initialized using 'CodeIgniter\Session\Handlers\FileHandler' driver.
INFO - 2025-03-22 14:30:53 --> CSRF token verified.
DEBUG - 2025-03-22 14:30:53 --> Session: Class initialized using 'CodeIgniter\Session\Handlers\FileHandler' driver.
DEBUG - 2025-03-22 14:31:20 --> Session: Class initialized using 'CodeIgniter\Session\Handlers\FileHandler' driver.
INFO - 2025-03-22 14:31:34 --> CSRF token verified.
DEBUG - 2025-03-22 14:31:34 --> Session: Class initialized using 'CodeIgniter\Session\Handlers\FileHandler' driver.
DEBUG - 2025-03-22 14:33:31 --> Session: Class initialized using 'CodeIgniter\Session\Handlers\FileHandler' driver.
INFO - 2025-03-22 14:33:39 --> CSRF token verified.
DEBUG - 2025-03-22 14:33:39 --> Session: Class initialized using 'CodeIgniter\Session\Handlers\FileHandler' driver.
DEBUG - 2025-03-22 14:34:24 --> Session: Class initialized using 'CodeIgniter\Session\Handlers\FileHandler' driver.
INFO - 2025-03-22 14:34:33 --> CSRF token verified.
DEBUG - 2025-03-22 14:34:33 --> Session: Class initialized using 'CodeIgniter\Session\Handlers\FileHandler' driver.
DEBUG - 2025-03-22 14:35:06 --> Session: Class initialized using 'CodeIgniter\Session\Handlers\FileHandler' driver.
INFO - 2025-03-22 14:35:16 --> CSRF token verified.
DEBUG - 2025-03-22 14:35:16 --> Session: Class initialized using 'CodeIgniter\Session\Handlers\FileHandler' driver.
DEBUG - 2025-03-22 14:35:16 --> Session: Class initialized using 'CodeIgniter\Session\Handlers\FileHandler' driver.
CRITICAL - 2025-03-22 14:35:16 --> ErrorException: Array to string conversion
[Method: GET, Route: admin/pengumuman]
in APPPATH\Views\admin\info_sesi.php on line 5.
 1 APPPATH\Views\admin\info_sesi.php(5): CodeIgniter\Debug\Exceptions->errorHandler(2, 'Array to string conversion', 'D:\\xampp\\htdocs\\lulusan\\app\\Views\\admin\\info_sesi.php', 5)
 2 SYSTEMPATH\View\View.php(224): include('D:\\xampp\\htdocs\\lulusan\\app\\Views\\admin\\info_sesi.php')
 3 SYSTEMPATH\View\View.php(227): CodeIgniter\View\View->CodeIgniter\View\{closure}()
 4 SYSTEMPATH\Common.php(1173): CodeIgniter\View\View->render('admin/info_sesi', [], true)
 5 APPPATH\Views\admin\pengumuman.php(10): view('admin/info_sesi')
 6 SYSTEMPATH\View\View.php(224): include('D:\\xampp\\htdocs\\lulusan\\app\\Views\\admin\\pengumuman.php')
 7 SYSTEMPATH\View\View.php(227): CodeIgniter\View\View->CodeIgniter\View\{closure}()
 8 SYSTEMPATH\Common.php(1173): CodeIgniter\View\View->render('admin/pengumuman', [], true)
 9 APPPATH\Controllers\Admin\Pengumuman.php(39): view('admin/pengumuman', [...])
10 SYSTEMPATH\CodeIgniter.php(933): App\Controllers\Admin\Pengumuman->index()
11 SYSTEMPATH\CodeIgniter.php(507): CodeIgniter\CodeIgniter->runController(Object(App\Controllers\Admin\Pengumuman))
12 SYSTEMPATH\CodeIgniter.php(354): CodeIgniter\CodeIgniter->handleRequest(null, Object(Config\Cache), false)
13 SYSTEMPATH\Boot.php(334): CodeIgniter\CodeIgniter->run()
14 SYSTEMPATH\Boot.php(67): CodeIgniter\Boot::runCodeIgniter(Object(CodeIgniter\CodeIgniter))
15 FCPATH\index.php(56): CodeIgniter\Boot::bootWeb(Object(Config\Paths))
DEBUG - 2025-03-22 14:41:31 --> Session: Class initialized using 'CodeIgniter\Session\Handlers\FileHandler' driver.
INFO - 2025-03-22 14:41:42 --> CSRF token verified.
DEBUG - 2025-03-22 14:41:42 --> Session: Class initialized using 'CodeIgniter\Session\Handlers\FileHandler' driver.
DEBUG - 2025-03-22 14:41:42 --> Session: Class initialized using 'CodeIgniter\Session\Handlers\FileHandler' driver.
DEBUG - 2025-03-22 14:41:53 --> Session: Class initialized using 'CodeIgniter\Session\Handlers\FileHandler' driver.
DEBUG - 2025-03-22 14:42:26 --> Session: Class initialized using 'CodeIgniter\Session\Handlers\FileHandler' driver.
INFO - 2025-03-22 14:42:34 --> CSRF token verified.
DEBUG - 2025-03-22 14:42:34 --> Session: Class initialized using 'CodeIgniter\Session\Handlers\FileHandler' driver.
ERROR - 2025-03-22 14:42:34 --> mysqli_sql_exception: Cannot add or update a child row: a foreign key constraint fails (`kdir_lulus`.`info`, CONSTRAINT `fk_info` FOREIGN KEY (`if_tapel`) REFERENCES `tapel` (`tp_id`) ON DELETE CASCADE ON UPDATE CASCADE) in D:\xampp\htdocs\lulusan\system\Database\MySQLi\Connection.php:327
Stack trace:
#0 D:\xampp\htdocs\lulusan\system\Database\MySQLi\Connection.php(327): mysqli->query('INSERT INTO `in...', 0)
#1 D:\xampp\htdocs\lulusan\system\Database\BaseConnection.php(738): CodeIgniter\Database\MySQLi\Connection->execute('INSERT INTO `in...')
#2 D:\xampp\htdocs\lulusan\system\Database\BaseConnection.php(652): CodeIgniter\Database\BaseConnection->simpleQuery('INSERT INTO `in...')
#3 D:\xampp\htdocs\lulusan\system\Database\BaseBuilder.php(2345): CodeIgniter\Database\BaseConnection->query('INSERT INTO `in...', Array, false)
#4 D:\xampp\htdocs\lulusan\system\Model.php(394): CodeIgniter\Database\BaseBuilder->insert()
#5 D:\xampp\htdocs\lulusan\system\BaseModel.php(839): CodeIgniter\Model->doInsert(Array)
#6 D:\xampp\htdocs\lulusan\system\Model.php(800): CodeIgniter\BaseModel->insert(Array, false)
#7 D:\xampp\htdocs\lulusan\system\BaseModel.php(750): CodeIgniter\Model->insert(Array, false)
#8 D:\xampp\htdocs\lulusan\app\Controllers\Admin\Pengumuman.php(168): CodeIgniter\BaseModel->save(Array)
#9 D:\xampp\htdocs\lulusan\system\CodeIgniter.php(933): App\Controllers\Admin\Pengumuman->simpanInfo()
#10 D:\xampp\htdocs\lulusan\system\CodeIgniter.php(507): CodeIgniter\CodeIgniter->runController(Object(App\Controllers\Admin\Pengumuman))
#11 D:\xampp\htdocs\lulusan\system\CodeIgniter.php(354): CodeIgniter\CodeIgniter->handleRequest(NULL, Object(Config\Cache), false)
#12 D:\xampp\htdocs\lulusan\system\Boot.php(334): CodeIgniter\CodeIgniter->run()
#13 D:\xampp\htdocs\lulusan\system\Boot.php(67): CodeIgniter\Boot::runCodeIgniter(Object(CodeIgniter\CodeIgniter))
#14 D:\xampp\htdocs\lulusan\public\index.php(56): CodeIgniter\Boot::bootWeb(Object(Config\Paths))
#15 {main}
CRITICAL - 2025-03-22 14:42:35 --> CodeIgniter\Database\Exceptions\DatabaseException: Cannot add or update a child row: a foreign key constraint fails (`kdir_lulus`.`info`, CONSTRAINT `fk_info` FOREIGN KEY (`if_tapel`) REFERENCES `tapel` (`tp_id`) ON DELETE CASCADE ON UPDATE CASCADE)
[Method: POST, Route: admin/simpan_info]
in SYSTEMPATH\Database\BaseConnection.php on line 692.
 1 SYSTEMPATH\Database\BaseBuilder.php(2345): CodeIgniter\Database\BaseConnection->query('INSERT INTO `info` (`if_desc`, `if_cr`, `if_up`) VALUES (:if_desc:, :if_cr:, :if_up:)', [...], false)
 2 SYSTEMPATH\Model.php(394): CodeIgniter\Database\BaseBuilder->insert()
 3 SYSTEMPATH\BaseModel.php(839): CodeIgniter\Model->doInsert([...])
 4 SYSTEMPATH\Model.php(800): CodeIgniter\BaseModel->insert([...], false)
 5 SYSTEMPATH\BaseModel.php(750): CodeIgniter\Model->insert([...], false)
 6 APPPATH\Controllers\Admin\Pengumuman.php(168): CodeIgniter\BaseModel->save([...])
 7 SYSTEMPATH\CodeIgniter.php(933): App\Controllers\Admin\Pengumuman->simpanInfo()
 8 SYSTEMPATH\CodeIgniter.php(507): CodeIgniter\CodeIgniter->runController(Object(App\Controllers\Admin\Pengumuman))
 9 SYSTEMPATH\CodeIgniter.php(354): CodeIgniter\CodeIgniter->handleRequest(null, Object(Config\Cache), false)
10 SYSTEMPATH\Boot.php(334): CodeIgniter\CodeIgniter->run()
11 SYSTEMPATH\Boot.php(67): CodeIgniter\Boot::runCodeIgniter(Object(CodeIgniter\CodeIgniter))
12 FCPATH\index.php(56): CodeIgniter\Boot::bootWeb(Object(Config\Paths))
CRITICAL - 2025-03-22 14:42:35 --> [Caused by] CodeIgniter\Database\Exceptions\DatabaseException: Cannot add or update a child row: a foreign key constraint fails (`kdir_lulus`.`info`, CONSTRAINT `fk_info` FOREIGN KEY (`if_tapel`) REFERENCES `tapel` (`tp_id`) ON DELETE CASCADE ON UPDATE CASCADE)
in SYSTEMPATH\Database\MySQLi\Connection.php on line 332.
 1 SYSTEMPATH\Database\BaseConnection.php(738): CodeIgniter\Database\MySQLi\Connection->execute('INSERT INTO `info` (`if_desc`, `if_cr`, `if_up`) VALUES (\'setelah pengumuman dilarang melakukan konvoi\', \'2025-03-22 14:42:34\', \'2025-03-22 14:42:34\')')
 2 SYSTEMPATH\Database\BaseConnection.php(652): CodeIgniter\Database\BaseConnection->simpleQuery('INSERT INTO `info` (`if_desc`, `if_cr`, `if_up`) VALUES (\'setelah pengumuman dilarang melakukan konvoi\', \'2025-03-22 14:42:34\', \'2025-03-22 14:42:34\')')
 3 SYSTEMPATH\Database\BaseBuilder.php(2345): CodeIgniter\Database\BaseConnection->query('INSERT INTO `info` (`if_desc`, `if_cr`, `if_up`) VALUES (:if_desc:, :if_cr:, :if_up:)', [...], false)
 4 SYSTEMPATH\Model.php(394): CodeIgniter\Database\BaseBuilder->insert()
 5 SYSTEMPATH\BaseModel.php(839): CodeIgniter\Model->doInsert([...])
 6 SYSTEMPATH\Model.php(800): CodeIgniter\BaseModel->insert([...], false)
 7 SYSTEMPATH\BaseModel.php(750): CodeIgniter\Model->insert([...], false)
 8 APPPATH\Controllers\Admin\Pengumuman.php(168): CodeIgniter\BaseModel->save([...])
 9 SYSTEMPATH\CodeIgniter.php(933): App\Controllers\Admin\Pengumuman->simpanInfo()
10 SYSTEMPATH\CodeIgniter.php(507): CodeIgniter\CodeIgniter->runController(Object(App\Controllers\Admin\Pengumuman))
11 SYSTEMPATH\CodeIgniter.php(354): CodeIgniter\CodeIgniter->handleRequest(null, Object(Config\Cache), false)
12 SYSTEMPATH\Boot.php(334): CodeIgniter\CodeIgniter->run()
13 SYSTEMPATH\Boot.php(67): CodeIgniter\Boot::runCodeIgniter(Object(CodeIgniter\CodeIgniter))
14 FCPATH\index.php(56): CodeIgniter\Boot::bootWeb(Object(Config\Paths))
CRITICAL - 2025-03-22 14:42:35 --> [Caused by] mysqli_sql_exception: Cannot add or update a child row: a foreign key constraint fails (`kdir_lulus`.`info`, CONSTRAINT `fk_info` FOREIGN KEY (`if_tapel`) REFERENCES `tapel` (`tp_id`) ON DELETE CASCADE ON UPDATE CASCADE)
in SYSTEMPATH\Database\MySQLi\Connection.php on line 327.
 1 SYSTEMPATH\Database\MySQLi\Connection.php(327): mysqli->query('INSERT INTO `info` (`if_desc`, `if_cr`, `if_up`) VALUES (\'setelah pengumuman dilarang melakukan konvoi\', \'2025-03-22 14:42:34\', \'2025-03-22 14:42:34\')', 0)
 2 SYSTEMPATH\Database\BaseConnection.php(738): CodeIgniter\Database\MySQLi\Connection->execute('INSERT INTO `info` (`if_desc`, `if_cr`, `if_up`) VALUES (\'setelah pengumuman dilarang melakukan konvoi\', \'2025-03-22 14:42:34\', \'2025-03-22 14:42:34\')')
 3 SYSTEMPATH\Database\BaseConnection.php(652): CodeIgniter\Database\BaseConnection->simpleQuery('INSERT INTO `info` (`if_desc`, `if_cr`, `if_up`) VALUES (\'setelah pengumuman dilarang melakukan konvoi\', \'2025-03-22 14:42:34\', \'2025-03-22 14:42:34\')')
 4 SYSTEMPATH\Database\BaseBuilder.php(2345): CodeIgniter\Database\BaseConnection->query('INSERT INTO `info` (`if_desc`, `if_cr`, `if_up`) VALUES (:if_desc:, :if_cr:, :if_up:)', [...], false)
 5 SYSTEMPATH\Model.php(394): CodeIgniter\Database\BaseBuilder->insert()
 6 SYSTEMPATH\BaseModel.php(839): CodeIgniter\Model->doInsert([...])
 7 SYSTEMPATH\Model.php(800): CodeIgniter\BaseModel->insert([...], false)
 8 SYSTEMPATH\BaseModel.php(750): CodeIgniter\Model->insert([...], false)
 9 APPPATH\Controllers\Admin\Pengumuman.php(168): CodeIgniter\BaseModel->save([...])
10 SYSTEMPATH\CodeIgniter.php(933): App\Controllers\Admin\Pengumuman->simpanInfo()
11 SYSTEMPATH\CodeIgniter.php(507): CodeIgniter\CodeIgniter->runController(Object(App\Controllers\Admin\Pengumuman))
12 SYSTEMPATH\CodeIgniter.php(354): CodeIgniter\CodeIgniter->handleRequest(null, Object(Config\Cache), false)
13 SYSTEMPATH\Boot.php(334): CodeIgniter\CodeIgniter->run()
14 SYSTEMPATH\Boot.php(67): CodeIgniter\Boot::runCodeIgniter(Object(CodeIgniter\CodeIgniter))
15 FCPATH\index.php(56): CodeIgniter\Boot::bootWeb(Object(Config\Paths))
DEBUG - 2025-03-22 14:43:16 --> Session: Class initialized using 'CodeIgniter\Session\Handlers\FileHandler' driver.
DEBUG - 2025-03-22 14:43:20 --> Session: Class initialized using 'CodeIgniter\Session\Handlers\FileHandler' driver.
DEBUG - 2025-03-22 14:43:21 --> Session: Class initialized using 'CodeIgniter\Session\Handlers\FileHandler' driver.
INFO - 2025-03-22 14:43:28 --> CSRF token verified.
DEBUG - 2025-03-22 14:43:28 --> Session: Class initialized using 'CodeIgniter\Session\Handlers\FileHandler' driver.
ERROR - 2025-03-22 14:43:28 --> mysqli_sql_exception: Cannot add or update a child row: a foreign key constraint fails (`kdir_lulus`.`info`, CONSTRAINT `fk_info` FOREIGN KEY (`if_tapel`) REFERENCES `tapel` (`tp_id`) ON DELETE CASCADE ON UPDATE CASCADE) in D:\xampp\htdocs\lulusan\system\Database\MySQLi\Connection.php:327
Stack trace:
#0 D:\xampp\htdocs\lulusan\system\Database\MySQLi\Connection.php(327): mysqli->query('INSERT INTO `in...', 0)
#1 D:\xampp\htdocs\lulusan\system\Database\BaseConnection.php(738): CodeIgniter\Database\MySQLi\Connection->execute('INSERT INTO `in...')
#2 D:\xampp\htdocs\lulusan\system\Database\BaseConnection.php(652): CodeIgniter\Database\BaseConnection->simpleQuery('INSERT INTO `in...')
#3 D:\xampp\htdocs\lulusan\system\Database\BaseBuilder.php(2345): CodeIgniter\Database\BaseConnection->query('INSERT INTO `in...', Array, false)
#4 D:\xampp\htdocs\lulusan\system\Model.php(394): CodeIgniter\Database\BaseBuilder->insert()
#5 D:\xampp\htdocs\lulusan\system\BaseModel.php(839): CodeIgniter\Model->doInsert(Array)
#6 D:\xampp\htdocs\lulusan\system\Model.php(800): CodeIgniter\BaseModel->insert(Array, false)
#7 D:\xampp\htdocs\lulusan\system\BaseModel.php(750): CodeIgniter\Model->insert(Array, false)
#8 D:\xampp\htdocs\lulusan\app\Controllers\Admin\Pengumuman.php(168): CodeIgniter\BaseModel->save(Array)
#9 D:\xampp\htdocs\lulusan\system\CodeIgniter.php(933): App\Controllers\Admin\Pengumuman->simpanInfo()
#10 D:\xampp\htdocs\lulusan\system\CodeIgniter.php(507): CodeIgniter\CodeIgniter->runController(Object(App\Controllers\Admin\Pengumuman))
#11 D:\xampp\htdocs\lulusan\system\CodeIgniter.php(354): CodeIgniter\CodeIgniter->handleRequest(NULL, Object(Config\Cache), false)
#12 D:\xampp\htdocs\lulusan\system\Boot.php(334): CodeIgniter\CodeIgniter->run()
#13 D:\xampp\htdocs\lulusan\system\Boot.php(67): CodeIgniter\Boot::runCodeIgniter(Object(CodeIgniter\CodeIgniter))
#14 D:\xampp\htdocs\lulusan\public\index.php(56): CodeIgniter\Boot::bootWeb(Object(Config\Paths))
#15 {main}
CRITICAL - 2025-03-22 14:43:28 --> CodeIgniter\Database\Exceptions\DatabaseException: Cannot add or update a child row: a foreign key constraint fails (`kdir_lulus`.`info`, CONSTRAINT `fk_info` FOREIGN KEY (`if_tapel`) REFERENCES `tapel` (`tp_id`) ON DELETE CASCADE ON UPDATE CASCADE)
[Method: POST, Route: admin/simpan_info]
in SYSTEMPATH\Database\BaseConnection.php on line 692.
 1 SYSTEMPATH\Database\BaseBuilder.php(2345): CodeIgniter\Database\BaseConnection->query('INSERT INTO `info` (`if_desc`, `if_cr`, `if_up`) VALUES (:if_desc:, :if_cr:, :if_up:)', [...], false)
 2 SYSTEMPATH\Model.php(394): CodeIgniter\Database\BaseBuilder->insert()
 3 SYSTEMPATH\BaseModel.php(839): CodeIgniter\Model->doInsert([...])
 4 SYSTEMPATH\Model.php(800): CodeIgniter\BaseModel->insert([...], false)
 5 SYSTEMPATH\BaseModel.php(750): CodeIgniter\Model->insert([...], false)
 6 APPPATH\Controllers\Admin\Pengumuman.php(168): CodeIgniter\BaseModel->save([...])
 7 SYSTEMPATH\CodeIgniter.php(933): App\Controllers\Admin\Pengumuman->simpanInfo()
 8 SYSTEMPATH\CodeIgniter.php(507): CodeIgniter\CodeIgniter->runController(Object(App\Controllers\Admin\Pengumuman))
 9 SYSTEMPATH\CodeIgniter.php(354): CodeIgniter\CodeIgniter->handleRequest(null, Object(Config\Cache), false)
10 SYSTEMPATH\Boot.php(334): CodeIgniter\CodeIgniter->run()
11 SYSTEMPATH\Boot.php(67): CodeIgniter\Boot::runCodeIgniter(Object(CodeIgniter\CodeIgniter))
12 FCPATH\index.php(56): CodeIgniter\Boot::bootWeb(Object(Config\Paths))
CRITICAL - 2025-03-22 14:43:28 --> [Caused by] CodeIgniter\Database\Exceptions\DatabaseException: Cannot add or update a child row: a foreign key constraint fails (`kdir_lulus`.`info`, CONSTRAINT `fk_info` FOREIGN KEY (`if_tapel`) REFERENCES `tapel` (`tp_id`) ON DELETE CASCADE ON UPDATE CASCADE)
in SYSTEMPATH\Database\MySQLi\Connection.php on line 332.
 1 SYSTEMPATH\Database\BaseConnection.php(738): CodeIgniter\Database\MySQLi\Connection->execute('INSERT INTO `info` (`if_desc`, `if_cr`, `if_up`) VALUES (\'setelah pengumuman dilarang melakukan coret\', \'2025-03-22 14:43:28\', \'2025-03-22 14:43:28\')')
 2 SYSTEMPATH\Database\BaseConnection.php(652): CodeIgniter\Database\BaseConnection->simpleQuery('INSERT INTO `info` (`if_desc`, `if_cr`, `if_up`) VALUES (\'setelah pengumuman dilarang melakukan coret\', \'2025-03-22 14:43:28\', \'2025-03-22 14:43:28\')')
 3 SYSTEMPATH\Database\BaseBuilder.php(2345): CodeIgniter\Database\BaseConnection->query('INSERT INTO `info` (`if_desc`, `if_cr`, `if_up`) VALUES (:if_desc:, :if_cr:, :if_up:)', [...], false)
 4 SYSTEMPATH\Model.php(394): CodeIgniter\Database\BaseBuilder->insert()
 5 SYSTEMPATH\BaseModel.php(839): CodeIgniter\Model->doInsert([...])
 6 SYSTEMPATH\Model.php(800): CodeIgniter\BaseModel->insert([...], false)
 7 SYSTEMPATH\BaseModel.php(750): CodeIgniter\Model->insert([...], false)
 8 APPPATH\Controllers\Admin\Pengumuman.php(168): CodeIgniter\BaseModel->save([...])
 9 SYSTEMPATH\CodeIgniter.php(933): App\Controllers\Admin\Pengumuman->simpanInfo()
10 SYSTEMPATH\CodeIgniter.php(507): CodeIgniter\CodeIgniter->runController(Object(App\Controllers\Admin\Pengumuman))
11 SYSTEMPATH\CodeIgniter.php(354): CodeIgniter\CodeIgniter->handleRequest(null, Object(Config\Cache), false)
12 SYSTEMPATH\Boot.php(334): CodeIgniter\CodeIgniter->run()
13 SYSTEMPATH\Boot.php(67): CodeIgniter\Boot::runCodeIgniter(Object(CodeIgniter\CodeIgniter))
14 FCPATH\index.php(56): CodeIgniter\Boot::bootWeb(Object(Config\Paths))
CRITICAL - 2025-03-22 14:43:28 --> [Caused by] mysqli_sql_exception: Cannot add or update a child row: a foreign key constraint fails (`kdir_lulus`.`info`, CONSTRAINT `fk_info` FOREIGN KEY (`if_tapel`) REFERENCES `tapel` (`tp_id`) ON DELETE CASCADE ON UPDATE CASCADE)
in SYSTEMPATH\Database\MySQLi\Connection.php on line 327.
 1 SYSTEMPATH\Database\MySQLi\Connection.php(327): mysqli->query('INSERT INTO `info` (`if_desc`, `if_cr`, `if_up`) VALUES (\'setelah pengumuman dilarang melakukan coret\', \'2025-03-22 14:43:28\', \'2025-03-22 14:43:28\')', 0)
 2 SYSTEMPATH\Database\BaseConnection.php(738): CodeIgniter\Database\MySQLi\Connection->execute('INSERT INTO `info` (`if_desc`, `if_cr`, `if_up`) VALUES (\'setelah pengumuman dilarang melakukan coret\', \'2025-03-22 14:43:28\', \'2025-03-22 14:43:28\')')
 3 SYSTEMPATH\Database\BaseConnection.php(652): CodeIgniter\Database\BaseConnection->simpleQuery('INSERT INTO `info` (`if_desc`, `if_cr`, `if_up`) VALUES (\'setelah pengumuman dilarang melakukan coret\', \'2025-03-22 14:43:28\', \'2025-03-22 14:43:28\')')
 4 SYSTEMPATH\Database\BaseBuilder.php(2345): CodeIgniter\Database\BaseConnection->query('INSERT INTO `info` (`if_desc`, `if_cr`, `if_up`) VALUES (:if_desc:, :if_cr:, :if_up:)', [...], false)
 5 SYSTEMPATH\Model.php(394): CodeIgniter\Database\BaseBuilder->insert()
 6 SYSTEMPATH\BaseModel.php(839): CodeIgniter\Model->doInsert([...])
 7 SYSTEMPATH\Model.php(800): CodeIgniter\BaseModel->insert([...], false)
 8 SYSTEMPATH\BaseModel.php(750): CodeIgniter\Model->insert([...], false)
 9 APPPATH\Controllers\Admin\Pengumuman.php(168): CodeIgniter\BaseModel->save([...])
10 SYSTEMPATH\CodeIgniter.php(933): App\Controllers\Admin\Pengumuman->simpanInfo()
11 SYSTEMPATH\CodeIgniter.php(507): CodeIgniter\CodeIgniter->runController(Object(App\Controllers\Admin\Pengumuman))
12 SYSTEMPATH\CodeIgniter.php(354): CodeIgniter\CodeIgniter->handleRequest(null, Object(Config\Cache), false)
13 SYSTEMPATH\Boot.php(334): CodeIgniter\CodeIgniter->run()
14 SYSTEMPATH\Boot.php(67): CodeIgniter\Boot::runCodeIgniter(Object(CodeIgniter\CodeIgniter))
15 FCPATH\index.php(56): CodeIgniter\Boot::bootWeb(Object(Config\Paths))
INFO - 2025-03-22 14:47:08 --> CSRF token verified.
DEBUG - 2025-03-22 14:47:08 --> Session: Class initialized using 'CodeIgniter\Session\Handlers\FileHandler' driver.
DEBUG - 2025-03-22 14:47:08 --> Session: Class initialized using 'CodeIgniter\Session\Handlers\FileHandler' driver.
INFO - 2025-03-22 14:47:19 --> CSRF token verified.
DEBUG - 2025-03-22 14:47:19 --> Session: Class initialized using 'CodeIgniter\Session\Handlers\FileHandler' driver.
DEBUG - 2025-03-22 14:47:23 --> Session: Class initialized using 'CodeIgniter\Session\Handlers\FileHandler' driver.
INFO - 2025-03-22 14:47:40 --> CSRF token verified.
DEBUG - 2025-03-22 14:47:40 --> Session: Class initialized using 'CodeIgniter\Session\Handlers\FileHandler' driver.
DEBUG - 2025-03-22 14:47:40 --> Session: Class initialized using 'CodeIgniter\Session\Handlers\FileHandler' driver.
DEBUG - 2025-03-22 14:47:51 --> Session: Class initialized using 'CodeIgniter\Session\Handlers\FileHandler' driver.
INFO - 2025-03-22 15:30:11 --> CSRF token verified.
DEBUG - 2025-03-22 15:30:11 --> Session: Class initialized using 'CodeIgniter\Session\Handlers\FileHandler' driver.
DEBUG - 2025-03-22 15:30:13 --> Session: Class initialized using 'CodeIgniter\Session\Handlers\FileHandler' driver.
INFO - 2025-03-22 15:30:59 --> CSRF token verified.
DEBUG - 2025-03-22 15:30:59 --> Session: Class initialized using 'CodeIgniter\Session\Handlers\FileHandler' driver.
CRITICAL - 2025-03-22 15:33:04 --> CodeIgniter\Security\Exceptions\SecurityException: The action you requested is not allowed.
[Method: POST, Route: admin/simpan_info]
in SYSTEMPATH\Security\Security.php on line 262.
 1 SYSTEMPATH\Security\Security.php(262): CodeIgniter\Security\Exceptions\SecurityException::forDisallowedAction()
 2 SYSTEMPATH\Filters\CSRF.php(52): CodeIgniter\Security\Security->verify(Object(CodeIgniter\HTTP\IncomingRequest))
 3 SYSTEMPATH\Filters\Filters.php(241): CodeIgniter\Filters\CSRF->before(Object(CodeIgniter\HTTP\IncomingRequest), null)
 4 SYSTEMPATH\Filters\Filters.php(221): CodeIgniter\Filters\Filters->runBefore([...])
 5 SYSTEMPATH\CodeIgniter.php(479): CodeIgniter\Filters\Filters->run('admin/simpan_info', 'before')
 6 SYSTEMPATH\CodeIgniter.php(354): CodeIgniter\CodeIgniter->handleRequest(null, Object(Config\Cache), false)
 7 SYSTEMPATH\Boot.php(334): CodeIgniter\CodeIgniter->run()
 8 SYSTEMPATH\Boot.php(67): CodeIgniter\Boot::runCodeIgniter(Object(CodeIgniter\CodeIgniter))
 9 FCPATH\index.php(56): CodeIgniter\Boot::bootWeb(Object(Config\Paths))
DEBUG - 2025-03-22 15:33:06 --> Session: Class initialized using 'CodeIgniter\Session\Handlers\FileHandler' driver.
INFO - 2025-03-22 15:33:11 --> CSRF token verified.
DEBUG - 2025-03-22 15:33:11 --> Session: Class initialized using 'CodeIgniter\Session\Handlers\FileHandler' driver.
DEBUG - 2025-03-22 15:34:16 --> Session: Class initialized using 'CodeIgniter\Session\Handlers\FileHandler' driver.
INFO - 2025-03-22 15:34:21 --> CSRF token verified.
DEBUG - 2025-03-22 15:34:21 --> Session: Class initialized using 'CodeIgniter\Session\Handlers\FileHandler' driver.
DEBUG - 2025-03-22 15:35:49 --> Session: Class initialized using 'CodeIgniter\Session\Handlers\FileHandler' driver.
INFO - 2025-03-22 15:35:54 --> CSRF token verified.
DEBUG - 2025-03-22 15:35:54 --> Session: Class initialized using 'CodeIgniter\Session\Handlers\FileHandler' driver.
DEBUG - 2025-03-22 15:37:28 --> Session: Class initialized using 'CodeIgniter\Session\Handlers\FileHandler' driver.
INFO - 2025-03-22 15:37:31 --> CSRF token verified.
DEBUG - 2025-03-22 15:37:31 --> Session: Class initialized using 'CodeIgniter\Session\Handlers\FileHandler' driver.
DEBUG - 2025-03-22 15:41:06 --> Session: Class initialized using 'CodeIgniter\Session\Handlers\FileHandler' driver.
INFO - 2025-03-22 15:41:10 --> CSRF token verified.
DEBUG - 2025-03-22 15:41:10 --> Session: Class initialized using 'CodeIgniter\Session\Handlers\FileHandler' driver.
CRITICAL - 2025-03-22 15:41:10 --> ErrorException: Undefined variable $allErrorse
[Method: POST, Route: admin/simpan_info]
in APPPATH\Controllers\Admin\Pengumuman.php on line 165.
 1 APPPATH\Controllers\Admin\Pengumuman.php(165): CodeIgniter\Debug\Exceptions->errorHandler(2, 'Undefined variable $allErrorse', 'D:\\xampp\\htdocs\\lulusan\\app\\Controllers\\Admin\\Pengumuman.php', 165)
 2 SYSTEMPATH\CodeIgniter.php(933): App\Controllers\Admin\Pengumuman->simpanInfo()
 3 SYSTEMPATH\CodeIgniter.php(507): CodeIgniter\CodeIgniter->runController(Object(App\Controllers\Admin\Pengumuman))
 4 SYSTEMPATH\CodeIgniter.php(354): CodeIgniter\CodeIgniter->handleRequest(null, Object(Config\Cache), false)
 5 SYSTEMPATH\Boot.php(334): CodeIgniter\CodeIgniter->run()
 6 SYSTEMPATH\Boot.php(67): CodeIgniter\Boot::runCodeIgniter(Object(CodeIgniter\CodeIgniter))
 7 FCPATH\index.php(56): CodeIgniter\Boot::bootWeb(Object(Config\Paths))
INFO - 2025-03-22 15:41:24 --> CSRF token verified.
DEBUG - 2025-03-22 15:41:24 --> Session: Class initialized using 'CodeIgniter\Session\Handlers\FileHandler' driver.
CRITICAL - 2025-03-22 15:41:24 --> ErrorException: Array to string conversion
[Method: POST, Route: admin/simpan_info]
in APPPATH\Controllers\Admin\Pengumuman.php on line 170.
 1 APPPATH\Controllers\Admin\Pengumuman.php(170): CodeIgniter\Debug\Exceptions->errorHandler(2, 'Array to string conversion', 'D:\\xampp\\htdocs\\lulusan\\app\\Controllers\\Admin\\Pengumuman.php', 170)
 2 SYSTEMPATH\CodeIgniter.php(933): App\Controllers\Admin\Pengumuman->simpanInfo()
 3 SYSTEMPATH\CodeIgniter.php(507): CodeIgniter\CodeIgniter->runController(Object(App\Controllers\Admin\Pengumuman))
 4 SYSTEMPATH\CodeIgniter.php(354): CodeIgniter\CodeIgniter->handleRequest(null, Object(Config\Cache), false)
 5 SYSTEMPATH\Boot.php(334): CodeIgniter\CodeIgniter->run()
 6 SYSTEMPATH\Boot.php(67): CodeIgniter\Boot::runCodeIgniter(Object(CodeIgniter\CodeIgniter))
 7 FCPATH\index.php(56): CodeIgniter\Boot::bootWeb(Object(Config\Paths))
INFO - 2025-03-22 15:42:02 --> CSRF token verified.
DEBUG - 2025-03-22 15:42:02 --> Session: Class initialized using 'CodeIgniter\Session\Handlers\FileHandler' driver.
DEBUG - 2025-03-22 15:45:24 --> Session: Class initialized using 'CodeIgniter\Session\Handlers\FileHandler' driver.
INFO - 2025-03-22 15:45:28 --> CSRF token verified.
DEBUG - 2025-03-22 15:45:28 --> Session: Class initialized using 'CodeIgniter\Session\Handlers\FileHandler' driver.
DEBUG - 2025-03-22 15:45:59 --> Session: Class initialized using 'CodeIgniter\Session\Handlers\FileHandler' driver.
INFO - 2025-03-22 15:46:07 --> CSRF token verified.
DEBUG - 2025-03-22 15:46:07 --> Session: Class initialized using 'CodeIgniter\Session\Handlers\FileHandler' driver.
CRITICAL - 2025-03-22 15:46:07 --> ErrorException: foreach() argument must be of type array|object, string given
[Method: POST, Route: admin/simpan_info]
in APPPATH\Controllers\Admin\Pengumuman.php on line 177.
 1 APPPATH\Controllers\Admin\Pengumuman.php(177): CodeIgniter\Debug\Exceptions->errorHandler(2, 'foreach() argument must be of type array|object, string given', 'D:\\xampp\\htdocs\\lulusan\\app\\Controllers\\Admin\\Pengumuman.php', 177)
 2 SYSTEMPATH\CodeIgniter.php(933): App\Controllers\Admin\Pengumuman->simpanInfo()
 3 SYSTEMPATH\CodeIgniter.php(507): CodeIgniter\CodeIgniter->runController(Object(App\Controllers\Admin\Pengumuman))
 4 SYSTEMPATH\CodeIgniter.php(354): CodeIgniter\CodeIgniter->handleRequest(null, Object(Config\Cache), false)
 5 SYSTEMPATH\Boot.php(334): CodeIgniter\CodeIgniter->run()
 6 SYSTEMPATH\Boot.php(67): CodeIgniter\Boot::runCodeIgniter(Object(CodeIgniter\CodeIgniter))
 7 FCPATH\index.php(56): CodeIgniter\Boot::bootWeb(Object(Config\Paths))
DEBUG - 2025-03-22 15:47:02 --> Session: Class initialized using 'CodeIgniter\Session\Handlers\FileHandler' driver.
INFO - 2025-03-22 15:47:12 --> CSRF token verified.
DEBUG - 2025-03-22 15:47:12 --> Session: Class initialized using 'CodeIgniter\Session\Handlers\FileHandler' driver.
DEBUG - 2025-03-22 15:47:12 --> Session: Class initialized using 'CodeIgniter\Session\Handlers\FileHandler' driver.
